--------------- Build Started: 02/26/2017 16:17:36 Project: Stuff works, Configuration: ARM GCC 4.9-2015-q1-update Debug ---------------
The code generation step is up to date.
arm-none-eabi-gcc.exe -mcpu=cortex-m3 -mthumb -I. -IGenerated_Source\PSoC5 -Wa,-alh=.\CortexM3\ARM_GCC_493\Debug/main.lst -g -Wall -ffunction-sections -O0 -ffat-lto-objects -c main.c -o .\CortexM3\ARM_GCC_493\Debug\main.o
main.c: In function 'main':
main.c:113:13: warning: implicit declaration of function 'free' [-Wimplicit-function-declaration]
             free(temp);
             ^
main.c:113:13: warning: incompatible implicit declaration of built-in function 'free'
main.c:113:18: warning: passing argument 1 of 'free' makes pointer from integer without a cast
             free(temp);
                  ^
main.c:113:18: note: expected 'void *' but argument is of type 'int'
arm-none-eabi-ar.exe -rs ".\CortexM3\ARM_GCC_493\Debug\Stuff works.a" .\CortexM3\ARM_GCC_493\Debug\cyfitter_cfg.o .\CortexM3\ARM_GCC_493\Debug\CyScBoostClk.o .\CortexM3\ARM_GCC_493\Debug\USBFS.o .\CortexM3\ARM_GCC_493\Debug\USBFS_audio.o .\CortexM3\ARM_GCC_493\Debug\USBFS_boot.o .\CortexM3\ARM_GCC_493\Debug\USBFS_cdc.o .\CortexM3\ARM_GCC_493\Debug\USBFS_cls.o .\CortexM3\ARM_GCC_493\Debug\USBFS_descr.o .\CortexM3\ARM_GCC_493\Debug\USBFS_drv.o .\CortexM3\ARM_GCC_493\Debug\USBFS_episr.o .\CortexM3\ARM_GCC_493\Debug\USBFS_hid.o .\CortexM3\ARM_GCC_493\Debug\USBFS_pm.o .\CortexM3\ARM_GCC_493\Debug\USBFS_std.o .\CortexM3\ARM_GCC_493\Debug\USBFS_vnd.o .\CortexM3\ARM_GCC_493\Debug\USBFS_midi.o .\CortexM3\ARM_GCC_493\Debug\USBFS_msc.o .\CortexM3\ARM_GCC_493\Debug\USBFS_Dm.o .\CortexM3\ARM_GCC_493\Debug\USBFS_Dp.o .\CortexM3\ARM_GCC_493\Debug\CyDmac.o .\CortexM3\ARM_GCC_493\Debug\CyFlash.o .\CortexM3\ARM_GCC_493\Debug\CyLib.o .\CortexM3\ARM_GCC_493\Debug\cyPm.o .\CortexM3\ARM_GCC_493\Debug\CySpc.o .\CortexM3\ARM_GCC_493\Debug\cyutils.o .\CortexM3\ARM_GCC_493\Debug\KNAP.o .\CortexM3\ARM_GCC_493\Debug\PORE.o .\CortexM3\ARM_GCC_493\Debug\xAkse.o .\CortexM3\ARM_GCC_493\Debug\yAkse.o .\CortexM3\ARM_GCC_493\Debug\xAksen.o .\CortexM3\ARM_GCC_493\Debug\xAksen_INT.o .\CortexM3\ARM_GCC_493\Debug\xAksen_PM.o .\CortexM3\ARM_GCC_493\Debug\xAksen_IRQ.o .\CortexM3\ARM_GCC_493\Debug\xAksen_theACLK.o .\CortexM3\ARM_GCC_493\Debug\xAksen_Bypass.o .\CortexM3\ARM_GCC_493\Debug\yAksen.o .\CortexM3\ARM_GCC_493\Debug\yAksen_INT.o .\CortexM3\ARM_GCC_493\Debug\yAksen_PM.o .\CortexM3\ARM_GCC_493\Debug\yAksen_IRQ.o .\CortexM3\ARM_GCC_493\Debug\yAksen_theACLK.o .\CortexM3\ARM_GCC_493\Debug\yAksen_Bypass.o .\CortexM3\ARM_GCC_493\Debug\CyBootAsmGnu.o
arm-none-eabi-ar.exe: creating .\CortexM3\ARM_GCC_493\Debug\Stuff works.a
arm-none-eabi-gcc.exe -Wl,--start-group -o ".\CortexM3\ARM_GCC_493\Debug\Stuff works.elf" .\CortexM3\ARM_GCC_493\Debug\main.o .\CortexM3\ARM_GCC_493\Debug\cymetadata.o .\CortexM3\ARM_GCC_493\Debug\Cm3Start.o ".\CortexM3\ARM_GCC_493\Debug\Stuff works.a" "C:\Program Files (x86)\Cypress\PSoC Creator\4.0\PSoC Creator\psoc\content\cycomponentlibrary\CyComponentLibrary.cylib\CortexM3\ARM_GCC_493\Debug\CyComponentLibrary.a" -mcpu=cortex-m3 -mthumb -g -ffunction-sections -O0 -ffat-lto-objects -L Generated_Source\PSoC5 "-Wl,-Map,.\CortexM3\ARM_GCC_493\Debug/Stuff works.map" -T "Z:\Users\iLyngklip\Dropbox\AAU\4. Semester\Digital-Design\USB HID\Stuff works.cydsn\Generated_Source\PSoC5\cm3gcc.ld" -specs=nano.specs -Wl,--gc-sections -Wl,--end-group
cyelftool.exe -C "Z:\Users\iLyngklip\Dropbox\AAU\4. Semester\Digital-Design\USB HID\Stuff works.cydsn\CortexM3\ARM_GCC_493\Debug\Stuff works.elf" --flash_row_size 256 --flash_size 262144
cyelftool.exe -S "Z:\Users\iLyngklip\Dropbox\AAU\4. Semester\Digital-Design\USB HID\Stuff works.cydsn\CortexM3\ARM_GCC_493\Debug\Stuff works.elf"
Flash used: 10664 of 262144 bytes (4,1 %).
SRAM used: 2797 of 65536 bytes (4,3 %). Stack: 2048 bytes. Heap: 128 bytes.
--------------- Build Succeeded: 02/26/2017 16:17:38 ---------------
