ARM GAS  C:\Users\ILYNGK~1\AppData\Local\Temp\ccPaFLjr.s 			page 1


   1              		.syntax unified
   2              		.cpu cortex-m3
   3              		.fpu softvfp
   4              		.eabi_attribute 20, 1
   5              		.eabi_attribute 21, 1
   6              		.eabi_attribute 23, 3
   7              		.eabi_attribute 24, 1
   8              		.eabi_attribute 25, 1
   9              		.eabi_attribute 26, 1
  10              		.eabi_attribute 30, 6
  11              		.eabi_attribute 34, 1
  12              		.eabi_attribute 18, 4
  13              		.thumb
  14              		.file	"main.c"
  15              		.text
  16              	.Ltext0:
  17              		.cfi_sections	.debug_frame
  18              		.global	mouseData
  19              		.bss
  20              		.align	2
  21              		.type	mouseData, %object
  22              		.size	mouseData, 3
  23              	mouseData:
  24 0000 000000   		.space	3
  25              		.global	bSNstring
  26 0003 00       		.data
  27              		.align	2
  28              		.type	bSNstring, %object
  29              		.size	bSNstring, 16
  30              	bSNstring:
  31 0000 0E       		.byte	14
  32 0001 03       		.byte	3
  33 0002 46       		.byte	70
  34 0003 00       		.byte	0
  35 0004 57       		.byte	87
  36 0005 00       		.byte	0
  37 0006 53       		.byte	83
  38 0007 00       		.byte	0
  39 0008 4E       		.byte	78
  40 0009 00       		.byte	0
  41 000a 30       		.byte	48
  42 000b 00       		.byte	0
  43 000c 31       		.byte	49
  44 000d 00       		.byte	0
  45 000e 0000     		.space	2
  46              		.section	.text.main,"ax",%progbits
  47              		.align	2
  48              		.global	main
  49              		.thumb
  50              		.thumb_func
  51              		.type	main, %function
  52              	main:
  53              	.LFB63:
  54              		.file 1 "main.c"
   1:main.c        **** /*******************************************************************************
   2:main.c        **** * File Name: main.c
   3:main.c        **** *
ARM GAS  C:\Users\ILYNGK~1\AppData\Local\Temp\ccPaFLjr.s 			page 2


   4:main.c        **** * Version: 3.0
   5:main.c        **** *
   6:main.c        **** * Description:
   7:main.c        **** *  This code example demonstrates USB HID interface class operation by 
   8:main.c        **** *  implementing a 3-button mouse. When the code is run, the mouse cursor moves 
   9:main.c        **** *  from the right to the left, and vice-versa.
  10:main.c        **** *
  11:main.c        **** *
  12:main.c        **** * Related Document:
  13:main.c        **** *  Device Class Definition for Human Interface Devices (HID)
  14:main.c        **** *  Firmware Specification- Version 1.11
  15:main.c        **** *
  16:main.c        **** ********************************************************************************
  17:main.c        **** * Copyright 2015, Cypress Semiconductor Corporation. All rights reserved.
  18:main.c        **** * This software is owned by Cypress Semiconductor Corporation and is protected
  19:main.c        **** * by and subject to worldwide patent and copyright laws and treaties.
  20:main.c        **** * Therefore, you may use this software only as provided in the license agreement
  21:main.c        **** * accompanying the software package from which you obtained this software.
  22:main.c        **** * CYPRESS AND ITS SUPPLIERS MAKE NO WARRANTY OF ANY KIND, EXPRESS OR IMPLIED,
  23:main.c        **** * WITH REGARD TO THIS SOFTWARE, INCLUDING, BUT NOT LIMITED TO, NONINFRINGEMENT,
  24:main.c        **** * IMPLIED WARRANTIES OF MERCHANTABILITY AND FITNESS FOR A PARTICULAR PURPOSE.
  25:main.c        **** *******************************************************************************/
  26:main.c        **** 
  27:main.c        **** #include <project.h>
  28:main.c        **** 
  29:main.c        **** #define USBFS_DEVICE        (0u)
  30:main.c        **** 
  31:main.c        **** #define MOUSE_ENDPOINT      (1u)
  32:main.c        **** #define MOUSE_DATA_LEN      (3u)
  33:main.c        **** #define CURSOR_STEP         (5u)
  34:main.c        **** #define CURSOR_STEP_POS     (1u)
  35:main.c        **** 
  36:main.c        **** /* Mouse packet array: button, X, Y */
  37:main.c        **** uint8 mouseData[MOUSE_DATA_LEN] = {0u, 0u, 0u};
  38:main.c        **** uint8 bSNstring[16u] = {0x0Eu, 0x03u, 'F', 0u, 'W', 0u, 'S', 0u, 'N', 0u, '0', 0u, '1', 0u};
  39:main.c        **** 
  40:main.c        **** 
  41:main.c        **** /*******************************************************************************
  42:main.c        **** * Function Name: main
  43:main.c        **** ********************************************************************************
  44:main.c        **** *
  45:main.c        **** * Summary:
  46:main.c        **** *  Wraps the OUT data coming from the host back to the host on a subsequent IN.
  47:main.c        **** *
  48:main.c        **** * Parameters:
  49:main.c        **** *  None.
  50:main.c        **** *
  51:main.c        **** * Return:
  52:main.c        **** *  None.
  53:main.c        **** *
  54:main.c        **** *******************************************************************************/
  55:main.c        **** int main()
  56:main.c        **** {
  55              		.loc 1 56 0
  56              		.cfi_startproc
  57              		@ args = 0, pretend = 0, frame = 8
  58              		@ frame_needed = 1, uses_anonymous_args = 0
ARM GAS  C:\Users\ILYNGK~1\AppData\Local\Temp\ccPaFLjr.s 			page 3


  59 0000 80B5     		push	{r7, lr}
  60              		.cfi_def_cfa_offset 8
  61              		.cfi_offset 7, -8
  62              		.cfi_offset 14, -4
  63 0002 82B0     		sub	sp, sp, #8
  64              		.cfi_def_cfa_offset 16
  65 0004 00AF     		add	r7, sp, #0
  66              		.cfi_def_cfa_register 7
  57:main.c        ****     uint8 counter = 0u;
  67              		.loc 1 57 0
  68 0006 0023     		movs	r3, #0
  69 0008 FB71     		strb	r3, [r7, #7]
  58:main.c        **** 
  59:main.c        ****     CyGlobalIntEnable;
  70              		.loc 1 59 0
  71              	@ 59 "main.c" 1
  72 000a 62B6     		CPSIE   i
  73              	@ 0 "" 2
  60:main.c        **** 
  61:main.c        ****     /* Set user-defined Serial Number string descriptor. */
  62:main.c        ****     USBFS_SerialNumString(bSNstring);
  74              		.loc 1 62 0
  75              		.thumb
  76 000c 1D48     		ldr	r0, .L7
  77 000e FFF7FEFF 		bl	USBFS_SerialNumString
  63:main.c        **** 
  64:main.c        ****     /* Start USBFS operation with 5-V operation. */
  65:main.c        ****     USBFS_Start(USBFS_DEVICE, USBFS_5V_OPERATION);
  78              		.loc 1 65 0
  79 0012 0020     		movs	r0, #0
  80 0014 0121     		movs	r1, #1
  81 0016 FFF7FEFF 		bl	USBFS_Start
  66:main.c        **** 
  67:main.c        ****     /* Wait for device to enumerate */
  68:main.c        ****     while (0u == USBFS_GetConfiguration())
  82              		.loc 1 68 0
  83 001a 00BF     		nop
  84              	.L2:
  85              		.loc 1 68 0 is_stmt 0 discriminator 1
  86 001c FFF7FEFF 		bl	USBFS_GetConfiguration
  87 0020 0346     		mov	r3, r0
  88 0022 002B     		cmp	r3, #0
  89 0024 FAD0     		beq	.L2
  69:main.c        ****     {
  70:main.c        ****     }
  71:main.c        **** 
  72:main.c        ****     /* Enumeration is done, load mouse endpoint. */
  73:main.c        ****     USBFS_LoadInEP(MOUSE_ENDPOINT, mouseData, MOUSE_DATA_LEN);
  90              		.loc 1 73 0 is_stmt 1
  91 0026 0120     		movs	r0, #1
  92 0028 1749     		ldr	r1, .L7+4
  93 002a 0322     		movs	r2, #3
  94 002c FFF7FEFF 		bl	USBFS_LoadInEP
  95              	.L6:
  96              	.LBB2:
  74:main.c        **** 
  75:main.c        ****     for(;;)
ARM GAS  C:\Users\ILYNGK~1\AppData\Local\Temp\ccPaFLjr.s 			page 4


  76:main.c        ****     {
  77:main.c        ****         /* Wait for ACK before loading data. */
  78:main.c        ****         while (0u == USBFS_GetEPAckState(MOUSE_ENDPOINT))
  97              		.loc 1 78 0
  98 0030 00BF     		nop
  99              	.L3:
 100              		.loc 1 78 0 is_stmt 0 discriminator 1
 101 0032 0120     		movs	r0, #1
 102 0034 FFF7FEFF 		bl	USBFS_GetEPAckState
 103 0038 0346     		mov	r3, r0
 104 003a 002B     		cmp	r3, #0
 105 003c F9D0     		beq	.L3
  79:main.c        ****         {
  80:main.c        ****         }
  81:main.c        **** 
  82:main.c        ****         /* Load endpoint with data after ACK has been received. */
  83:main.c        ****         USBFS_LoadInEP(MOUSE_ENDPOINT, mouseData, MOUSE_DATA_LEN);
 106              		.loc 1 83 0 is_stmt 1
 107 003e 0120     		movs	r0, #1
 108 0040 1149     		ldr	r1, .L7+4
 109 0042 0322     		movs	r2, #3
 110 0044 FFF7FEFF 		bl	USBFS_LoadInEP
  84:main.c        **** 
  85:main.c        ****         counter++;
 111              		.loc 1 85 0
 112 0048 FB79     		ldrb	r3, [r7, #7]	@ zero_extendqisi2
 113 004a 0133     		adds	r3, r3, #1
 114 004c FB71     		strb	r3, [r7, #7]
  86:main.c        ****         
  87:main.c        ****         // if (counter == 128u)
  88:main.c        ****         // {
  89:main.c        ****             /* Start moving mouse to the right. */
  90:main.c        ****         //    mouseData[CURSOR_STEP_POS] = CURSOR_STEP;
  91:main.c        ****         // }
  92:main.c        ****         /* When our counter hits 255. */					
  93:main.c        ****         // else if (counter == 255u)
  94:main.c        ****         // {
  95:main.c        ****             /* Start moving mouse to left. */
  96:main.c        ****         //    mouseData[CURSOR_STEP_POS] = (uint8) -(int8) CURSOR_STEP;
  97:main.c        ****         // }
  98:main.c        ****         // else
  99:main.c        ****         // {
 100:main.c        ****             if(KNAP_Read() == 0u)
 115              		.loc 1 100 0
 116 004e FFF7FEFF 		bl	KNAP_Read
 117 0052 0346     		mov	r3, r0
 118 0054 002B     		cmp	r3, #0
 119 0056 06D1     		bne	.L4
 101:main.c        ****             {
 102:main.c        ****                 PORE_Write(1u);
 120              		.loc 1 102 0
 121 0058 0120     		movs	r0, #1
 122 005a FFF7FEFF 		bl	PORE_Write
 103:main.c        ****                 mouseData[0] = 0x01;
 123              		.loc 1 103 0
 124 005e 0A4B     		ldr	r3, .L7+4
 125 0060 0122     		movs	r2, #1
ARM GAS  C:\Users\ILYNGK~1\AppData\Local\Temp\ccPaFLjr.s 			page 5


 126 0062 1A70     		strb	r2, [r3]
 127 0064 05E0     		b	.L5
 128              	.L4:
 104:main.c        ****             } else
 105:main.c        ****             {
 106:main.c        ****                 PORE_Write(0u);
 129              		.loc 1 106 0
 130 0066 0020     		movs	r0, #0
 131 0068 FFF7FEFF 		bl	PORE_Write
 107:main.c        ****                 mouseData[0] = 0x00;
 132              		.loc 1 107 0
 133 006c 064B     		ldr	r3, .L7+4
 134 006e 0022     		movs	r2, #0
 135 0070 1A70     		strb	r2, [r3]
 136              	.L5:
 108:main.c        ****             }
 109:main.c        ****             /* Do nothing. */					
 110:main.c        ****             // char *temp;
 111:main.c        ****             // temp = (char *) malloc(2);
 112:main.c        ****             int temp = xAkse_Read();
 137              		.loc 1 112 0
 138 0072 FFF7FEFF 		bl	xAkse_Read
 139 0076 0346     		mov	r3, r0
 140 0078 3B60     		str	r3, [r7]
 113:main.c        ****             free(temp);
 141              		.loc 1 113 0
 142 007a 3B68     		ldr	r3, [r7]
 143 007c 1846     		mov	r0, r3
 144 007e FFF7FEFF 		bl	free
 145              	.LBE2:
 114:main.c        ****        // }
 115:main.c        ****     }
 146              		.loc 1 115 0
 147 0082 D5E7     		b	.L6
 148              	.L8:
 149              		.align	2
 150              	.L7:
 151 0084 00000000 		.word	bSNstring
 152 0088 00000000 		.word	mouseData
 153              		.cfi_endproc
 154              	.LFE63:
 155              		.size	main, .-main
 156              		.text
 157              	.Letext0:
 158              		.file 2 "c:\\program files (x86)\\cypress\\psoc creator\\4.0\\psoc creator\\import\\gnu\\arm\\4.9.
 159              		.file 3 "c:\\program files (x86)\\cypress\\psoc creator\\4.0\\psoc creator\\import\\gnu\\arm\\4.9.
 160              		.file 4 "Generated_Source\\PSoC5/cytypes.h"
 161              		.file 5 "Generated_Source\\PSoC5/core_cm3.h"
 162              		.file 6 "<built-in>"
 163              		.section	.debug_info,"",%progbits
 164              	.Ldebug_info0:
 165 0000 48010000 		.4byte	0x148
 166 0004 0400     		.2byte	0x4
 167 0006 00000000 		.4byte	.Ldebug_abbrev0
 168 000a 04       		.byte	0x4
 169 000b 01       		.uleb128 0x1
 170 000c F7000000 		.4byte	.LASF21
ARM GAS  C:\Users\ILYNGK~1\AppData\Local\Temp\ccPaFLjr.s 			page 6


 171 0010 01       		.byte	0x1
 172 0011 38000000 		.4byte	.LASF22
 173 0015 4E000000 		.4byte	.LASF23
 174 0019 00000000 		.4byte	.Ldebug_ranges0+0
 175 001d 00000000 		.4byte	0
 176 0021 00000000 		.4byte	.Ldebug_line0
 177 0025 02       		.uleb128 0x2
 178 0026 01       		.byte	0x1
 179 0027 06       		.byte	0x6
 180 0028 A1010000 		.4byte	.LASF0
 181 002c 02       		.uleb128 0x2
 182 002d 01       		.byte	0x1
 183 002e 08       		.byte	0x8
 184 002f DB000000 		.4byte	.LASF1
 185 0033 02       		.uleb128 0x2
 186 0034 02       		.byte	0x2
 187 0035 05       		.byte	0x5
 188 0036 BD010000 		.4byte	.LASF2
 189 003a 02       		.uleb128 0x2
 190 003b 02       		.byte	0x2
 191 003c 07       		.byte	0x7
 192 003d 0E000000 		.4byte	.LASF3
 193 0041 03       		.uleb128 0x3
 194 0042 AD010000 		.4byte	.LASF9
 195 0046 02       		.byte	0x2
 196 0047 3F       		.byte	0x3f
 197 0048 4C000000 		.4byte	0x4c
 198 004c 02       		.uleb128 0x2
 199 004d 04       		.byte	0x4
 200 004e 05       		.byte	0x5
 201 004f EE000000 		.4byte	.LASF4
 202 0053 02       		.uleb128 0x2
 203 0054 04       		.byte	0x4
 204 0055 07       		.byte	0x7
 205 0056 A8000000 		.4byte	.LASF5
 206 005a 02       		.uleb128 0x2
 207 005b 08       		.byte	0x8
 208 005c 05       		.byte	0x5
 209 005d 00000000 		.4byte	.LASF6
 210 0061 02       		.uleb128 0x2
 211 0062 08       		.byte	0x8
 212 0063 07       		.byte	0x7
 213 0064 BA000000 		.4byte	.LASF7
 214 0068 04       		.uleb128 0x4
 215 0069 04       		.byte	0x4
 216 006a 05       		.byte	0x5
 217 006b 696E7400 		.ascii	"int\000"
 218 006f 02       		.uleb128 0x2
 219 0070 04       		.byte	0x4
 220 0071 07       		.byte	0x7
 221 0072 2B000000 		.4byte	.LASF8
 222 0076 03       		.uleb128 0x3
 223 0077 C7010000 		.4byte	.LASF10
 224 007b 03       		.byte	0x3
 225 007c 2C       		.byte	0x2c
 226 007d 41000000 		.4byte	0x41
 227 0081 05       		.uleb128 0x5
ARM GAS  C:\Users\ILYNGK~1\AppData\Local\Temp\ccPaFLjr.s 			page 7


 228 0082 A2000000 		.4byte	.LASF11
 229 0086 04       		.byte	0x4
 230 0087 9201     		.2byte	0x192
 231 0089 2C000000 		.4byte	0x2c
 232 008d 02       		.uleb128 0x2
 233 008e 04       		.byte	0x4
 234 008f 04       		.byte	0x4
 235 0090 B7010000 		.4byte	.LASF12
 236 0094 02       		.uleb128 0x2
 237 0095 08       		.byte	0x8
 238 0096 04       		.byte	0x4
 239 0097 85010000 		.4byte	.LASF13
 240 009b 02       		.uleb128 0x2
 241 009c 01       		.byte	0x1
 242 009d 08       		.byte	0x8
 243 009e E9000000 		.4byte	.LASF14
 244 00a2 02       		.uleb128 0x2
 245 00a3 04       		.byte	0x4
 246 00a4 07       		.byte	0x7
 247 00a5 CF010000 		.4byte	.LASF15
 248 00a9 06       		.uleb128 0x6
 249 00aa 04       		.byte	0x4
 250 00ab 07       		.uleb128 0x7
 251 00ac 44000000 		.4byte	.LASF24
 252 00b0 01       		.byte	0x1
 253 00b1 37       		.byte	0x37
 254 00b2 68000000 		.4byte	0x68
 255 00b6 00000000 		.4byte	.LFB63
 256 00ba 8C000000 		.4byte	.LFE63-.LFB63
 257 00be 01       		.uleb128 0x1
 258 00bf 9C       		.byte	0x9c
 259 00c0 F8000000 		.4byte	0xf8
 260 00c4 08       		.uleb128 0x8
 261 00c5 8C010000 		.4byte	.LASF16
 262 00c9 01       		.byte	0x1
 263 00ca 39       		.byte	0x39
 264 00cb 81000000 		.4byte	0x81
 265 00cf 02       		.uleb128 0x2
 266 00d0 91       		.byte	0x91
 267 00d1 77       		.sleb128 -9
 268 00d2 09       		.uleb128 0x9
 269 00d3 30000000 		.4byte	.LBB2
 270 00d7 52000000 		.4byte	.LBE2-.LBB2
 271 00db 08       		.uleb128 0x8
 272 00dc 3F000000 		.4byte	.LASF17
 273 00e0 01       		.byte	0x1
 274 00e1 70       		.byte	0x70
 275 00e2 68000000 		.4byte	0x68
 276 00e6 02       		.uleb128 0x2
 277 00e7 91       		.byte	0x91
 278 00e8 70       		.sleb128 -16
 279 00e9 0A       		.uleb128 0xa
 280 00ea 49000000 		.4byte	.LASF25
 281 00ee 06       		.byte	0x6
 282 00ef 00       		.byte	0
 283 00f0 0B       		.uleb128 0xb
 284 00f1 A9000000 		.4byte	0xa9
ARM GAS  C:\Users\ILYNGK~1\AppData\Local\Temp\ccPaFLjr.s 			page 8


 285 00f5 00       		.byte	0
 286 00f6 00       		.byte	0
 287 00f7 00       		.byte	0
 288 00f8 0C       		.uleb128 0xc
 289 00f9 94010000 		.4byte	.LASF18
 290 00fd 05       		.byte	0x5
 291 00fe 9606     		.2byte	0x696
 292 0100 04010000 		.4byte	0x104
 293 0104 0D       		.uleb128 0xd
 294 0105 76000000 		.4byte	0x76
 295 0109 0E       		.uleb128 0xe
 296 010a 81000000 		.4byte	0x81
 297 010e 19010000 		.4byte	0x119
 298 0112 0F       		.uleb128 0xf
 299 0113 A2000000 		.4byte	0xa2
 300 0117 02       		.byte	0x2
 301 0118 00       		.byte	0
 302 0119 10       		.uleb128 0x10
 303 011a D1000000 		.4byte	.LASF19
 304 011e 01       		.byte	0x1
 305 011f 25       		.byte	0x25
 306 0120 09010000 		.4byte	0x109
 307 0124 05       		.uleb128 0x5
 308 0125 03       		.byte	0x3
 309 0126 00000000 		.4byte	mouseData
 310 012a 0E       		.uleb128 0xe
 311 012b 81000000 		.4byte	0x81
 312 012f 3A010000 		.4byte	0x13a
 313 0133 0F       		.uleb128 0xf
 314 0134 A2000000 		.4byte	0xa2
 315 0138 0F       		.byte	0xf
 316 0139 00       		.byte	0
 317 013a 10       		.uleb128 0x10
 318 013b 21000000 		.4byte	.LASF20
 319 013f 01       		.byte	0x1
 320 0140 26       		.byte	0x26
 321 0141 2A010000 		.4byte	0x12a
 322 0145 05       		.uleb128 0x5
 323 0146 03       		.byte	0x3
 324 0147 00000000 		.4byte	bSNstring
 325 014b 00       		.byte	0
 326              		.section	.debug_abbrev,"",%progbits
 327              	.Ldebug_abbrev0:
 328 0000 01       		.uleb128 0x1
 329 0001 11       		.uleb128 0x11
 330 0002 01       		.byte	0x1
 331 0003 25       		.uleb128 0x25
 332 0004 0E       		.uleb128 0xe
 333 0005 13       		.uleb128 0x13
 334 0006 0B       		.uleb128 0xb
 335 0007 03       		.uleb128 0x3
 336 0008 0E       		.uleb128 0xe
 337 0009 1B       		.uleb128 0x1b
 338 000a 0E       		.uleb128 0xe
 339 000b 55       		.uleb128 0x55
 340 000c 17       		.uleb128 0x17
 341 000d 11       		.uleb128 0x11
ARM GAS  C:\Users\ILYNGK~1\AppData\Local\Temp\ccPaFLjr.s 			page 9


 342 000e 01       		.uleb128 0x1
 343 000f 10       		.uleb128 0x10
 344 0010 17       		.uleb128 0x17
 345 0011 00       		.byte	0
 346 0012 00       		.byte	0
 347 0013 02       		.uleb128 0x2
 348 0014 24       		.uleb128 0x24
 349 0015 00       		.byte	0
 350 0016 0B       		.uleb128 0xb
 351 0017 0B       		.uleb128 0xb
 352 0018 3E       		.uleb128 0x3e
 353 0019 0B       		.uleb128 0xb
 354 001a 03       		.uleb128 0x3
 355 001b 0E       		.uleb128 0xe
 356 001c 00       		.byte	0
 357 001d 00       		.byte	0
 358 001e 03       		.uleb128 0x3
 359 001f 16       		.uleb128 0x16
 360 0020 00       		.byte	0
 361 0021 03       		.uleb128 0x3
 362 0022 0E       		.uleb128 0xe
 363 0023 3A       		.uleb128 0x3a
 364 0024 0B       		.uleb128 0xb
 365 0025 3B       		.uleb128 0x3b
 366 0026 0B       		.uleb128 0xb
 367 0027 49       		.uleb128 0x49
 368 0028 13       		.uleb128 0x13
 369 0029 00       		.byte	0
 370 002a 00       		.byte	0
 371 002b 04       		.uleb128 0x4
 372 002c 24       		.uleb128 0x24
 373 002d 00       		.byte	0
 374 002e 0B       		.uleb128 0xb
 375 002f 0B       		.uleb128 0xb
 376 0030 3E       		.uleb128 0x3e
 377 0031 0B       		.uleb128 0xb
 378 0032 03       		.uleb128 0x3
 379 0033 08       		.uleb128 0x8
 380 0034 00       		.byte	0
 381 0035 00       		.byte	0
 382 0036 05       		.uleb128 0x5
 383 0037 16       		.uleb128 0x16
 384 0038 00       		.byte	0
 385 0039 03       		.uleb128 0x3
 386 003a 0E       		.uleb128 0xe
 387 003b 3A       		.uleb128 0x3a
 388 003c 0B       		.uleb128 0xb
 389 003d 3B       		.uleb128 0x3b
 390 003e 05       		.uleb128 0x5
 391 003f 49       		.uleb128 0x49
 392 0040 13       		.uleb128 0x13
 393 0041 00       		.byte	0
 394 0042 00       		.byte	0
 395 0043 06       		.uleb128 0x6
 396 0044 0F       		.uleb128 0xf
 397 0045 00       		.byte	0
 398 0046 0B       		.uleb128 0xb
ARM GAS  C:\Users\ILYNGK~1\AppData\Local\Temp\ccPaFLjr.s 			page 10


 399 0047 0B       		.uleb128 0xb
 400 0048 00       		.byte	0
 401 0049 00       		.byte	0
 402 004a 07       		.uleb128 0x7
 403 004b 2E       		.uleb128 0x2e
 404 004c 01       		.byte	0x1
 405 004d 3F       		.uleb128 0x3f
 406 004e 19       		.uleb128 0x19
 407 004f 03       		.uleb128 0x3
 408 0050 0E       		.uleb128 0xe
 409 0051 3A       		.uleb128 0x3a
 410 0052 0B       		.uleb128 0xb
 411 0053 3B       		.uleb128 0x3b
 412 0054 0B       		.uleb128 0xb
 413 0055 49       		.uleb128 0x49
 414 0056 13       		.uleb128 0x13
 415 0057 11       		.uleb128 0x11
 416 0058 01       		.uleb128 0x1
 417 0059 12       		.uleb128 0x12
 418 005a 06       		.uleb128 0x6
 419 005b 40       		.uleb128 0x40
 420 005c 18       		.uleb128 0x18
 421 005d 9642     		.uleb128 0x2116
 422 005f 19       		.uleb128 0x19
 423 0060 01       		.uleb128 0x1
 424 0061 13       		.uleb128 0x13
 425 0062 00       		.byte	0
 426 0063 00       		.byte	0
 427 0064 08       		.uleb128 0x8
 428 0065 34       		.uleb128 0x34
 429 0066 00       		.byte	0
 430 0067 03       		.uleb128 0x3
 431 0068 0E       		.uleb128 0xe
 432 0069 3A       		.uleb128 0x3a
 433 006a 0B       		.uleb128 0xb
 434 006b 3B       		.uleb128 0x3b
 435 006c 0B       		.uleb128 0xb
 436 006d 49       		.uleb128 0x49
 437 006e 13       		.uleb128 0x13
 438 006f 02       		.uleb128 0x2
 439 0070 18       		.uleb128 0x18
 440 0071 00       		.byte	0
 441 0072 00       		.byte	0
 442 0073 09       		.uleb128 0x9
 443 0074 0B       		.uleb128 0xb
 444 0075 01       		.byte	0x1
 445 0076 11       		.uleb128 0x11
 446 0077 01       		.uleb128 0x1
 447 0078 12       		.uleb128 0x12
 448 0079 06       		.uleb128 0x6
 449 007a 00       		.byte	0
 450 007b 00       		.byte	0
 451 007c 0A       		.uleb128 0xa
 452 007d 2E       		.uleb128 0x2e
 453 007e 01       		.byte	0x1
 454 007f 3F       		.uleb128 0x3f
 455 0080 19       		.uleb128 0x19
ARM GAS  C:\Users\ILYNGK~1\AppData\Local\Temp\ccPaFLjr.s 			page 11


 456 0081 03       		.uleb128 0x3
 457 0082 0E       		.uleb128 0xe
 458 0083 3A       		.uleb128 0x3a
 459 0084 0B       		.uleb128 0xb
 460 0085 3B       		.uleb128 0x3b
 461 0086 0B       		.uleb128 0xb
 462 0087 27       		.uleb128 0x27
 463 0088 19       		.uleb128 0x19
 464 0089 3C       		.uleb128 0x3c
 465 008a 19       		.uleb128 0x19
 466 008b 00       		.byte	0
 467 008c 00       		.byte	0
 468 008d 0B       		.uleb128 0xb
 469 008e 05       		.uleb128 0x5
 470 008f 00       		.byte	0
 471 0090 49       		.uleb128 0x49
 472 0091 13       		.uleb128 0x13
 473 0092 00       		.byte	0
 474 0093 00       		.byte	0
 475 0094 0C       		.uleb128 0xc
 476 0095 34       		.uleb128 0x34
 477 0096 00       		.byte	0
 478 0097 03       		.uleb128 0x3
 479 0098 0E       		.uleb128 0xe
 480 0099 3A       		.uleb128 0x3a
 481 009a 0B       		.uleb128 0xb
 482 009b 3B       		.uleb128 0x3b
 483 009c 05       		.uleb128 0x5
 484 009d 49       		.uleb128 0x49
 485 009e 13       		.uleb128 0x13
 486 009f 3F       		.uleb128 0x3f
 487 00a0 19       		.uleb128 0x19
 488 00a1 3C       		.uleb128 0x3c
 489 00a2 19       		.uleb128 0x19
 490 00a3 00       		.byte	0
 491 00a4 00       		.byte	0
 492 00a5 0D       		.uleb128 0xd
 493 00a6 35       		.uleb128 0x35
 494 00a7 00       		.byte	0
 495 00a8 49       		.uleb128 0x49
 496 00a9 13       		.uleb128 0x13
 497 00aa 00       		.byte	0
 498 00ab 00       		.byte	0
 499 00ac 0E       		.uleb128 0xe
 500 00ad 01       		.uleb128 0x1
 501 00ae 01       		.byte	0x1
 502 00af 49       		.uleb128 0x49
 503 00b0 13       		.uleb128 0x13
 504 00b1 01       		.uleb128 0x1
 505 00b2 13       		.uleb128 0x13
 506 00b3 00       		.byte	0
 507 00b4 00       		.byte	0
 508 00b5 0F       		.uleb128 0xf
 509 00b6 21       		.uleb128 0x21
 510 00b7 00       		.byte	0
 511 00b8 49       		.uleb128 0x49
 512 00b9 13       		.uleb128 0x13
ARM GAS  C:\Users\ILYNGK~1\AppData\Local\Temp\ccPaFLjr.s 			page 12


 513 00ba 2F       		.uleb128 0x2f
 514 00bb 0B       		.uleb128 0xb
 515 00bc 00       		.byte	0
 516 00bd 00       		.byte	0
 517 00be 10       		.uleb128 0x10
 518 00bf 34       		.uleb128 0x34
 519 00c0 00       		.byte	0
 520 00c1 03       		.uleb128 0x3
 521 00c2 0E       		.uleb128 0xe
 522 00c3 3A       		.uleb128 0x3a
 523 00c4 0B       		.uleb128 0xb
 524 00c5 3B       		.uleb128 0x3b
 525 00c6 0B       		.uleb128 0xb
 526 00c7 49       		.uleb128 0x49
 527 00c8 13       		.uleb128 0x13
 528 00c9 3F       		.uleb128 0x3f
 529 00ca 19       		.uleb128 0x19
 530 00cb 02       		.uleb128 0x2
 531 00cc 18       		.uleb128 0x18
 532 00cd 00       		.byte	0
 533 00ce 00       		.byte	0
 534 00cf 00       		.byte	0
 535              		.section	.debug_aranges,"",%progbits
 536 0000 1C000000 		.4byte	0x1c
 537 0004 0200     		.2byte	0x2
 538 0006 00000000 		.4byte	.Ldebug_info0
 539 000a 04       		.byte	0x4
 540 000b 00       		.byte	0
 541 000c 0000     		.2byte	0
 542 000e 0000     		.2byte	0
 543 0010 00000000 		.4byte	.LFB63
 544 0014 8C000000 		.4byte	.LFE63-.LFB63
 545 0018 00000000 		.4byte	0
 546 001c 00000000 		.4byte	0
 547              		.section	.debug_ranges,"",%progbits
 548              	.Ldebug_ranges0:
 549 0000 00000000 		.4byte	.LFB63
 550 0004 8C000000 		.4byte	.LFE63
 551 0008 00000000 		.4byte	0
 552 000c 00000000 		.4byte	0
 553              		.section	.debug_line,"",%progbits
 554              	.Ldebug_line0:
 555 0000 8B010000 		.section	.debug_str,"MS",%progbits,1
 555      02005501 
 555      00000201 
 555      FB0E0D00 
 555      01010101 
 556              	.LASF6:
 557 0000 6C6F6E67 		.ascii	"long long int\000"
 557      206C6F6E 
 557      6720696E 
 557      7400
 558              	.LASF3:
 559 000e 73686F72 		.ascii	"short unsigned int\000"
 559      7420756E 
 559      7369676E 
 559      65642069 
ARM GAS  C:\Users\ILYNGK~1\AppData\Local\Temp\ccPaFLjr.s 			page 13


 559      6E7400
 560              	.LASF20:
 561 0021 62534E73 		.ascii	"bSNstring\000"
 561      7472696E 
 561      6700
 562              	.LASF8:
 563 002b 756E7369 		.ascii	"unsigned int\000"
 563      676E6564 
 563      20696E74 
 563      00
 564              	.LASF22:
 565 0038 6D61696E 		.ascii	"main.c\000"
 565      2E6300
 566              	.LASF17:
 567 003f 74656D70 		.ascii	"temp\000"
 567      00
 568              	.LASF24:
 569 0044 6D61696E 		.ascii	"main\000"
 569      00
 570              	.LASF25:
 571 0049 66726565 		.ascii	"free\000"
 571      00
 572              	.LASF23:
 573 004e 5A3A5C55 		.ascii	"Z:\\Users\\iLyngklip\\Dropbox\\AAU\\4. Semester\\Di"
 573      73657273 
 573      5C694C79 
 573      6E676B6C 
 573      69705C44 
 574 007b 67697461 		.ascii	"gital-Design\\USB HID\\Stuff works.cydsn\000"
 574      6C2D4465 
 574      7369676E 
 574      5C555342 
 574      20484944 
 575              	.LASF11:
 576 00a2 75696E74 		.ascii	"uint8\000"
 576      3800
 577              	.LASF5:
 578 00a8 6C6F6E67 		.ascii	"long unsigned int\000"
 578      20756E73 
 578      69676E65 
 578      6420696E 
 578      7400
 579              	.LASF7:
 580 00ba 6C6F6E67 		.ascii	"long long unsigned int\000"
 580      206C6F6E 
 580      6720756E 
 580      7369676E 
 580      65642069 
 581              	.LASF19:
 582 00d1 6D6F7573 		.ascii	"mouseData\000"
 582      65446174 
 582      6100
 583              	.LASF1:
 584 00db 756E7369 		.ascii	"unsigned char\000"
 584      676E6564 
 584      20636861 
 584      7200
ARM GAS  C:\Users\ILYNGK~1\AppData\Local\Temp\ccPaFLjr.s 			page 14


 585              	.LASF14:
 586 00e9 63686172 		.ascii	"char\000"
 586      00
 587              	.LASF4:
 588 00ee 6C6F6E67 		.ascii	"long int\000"
 588      20696E74 
 588      00
 589              	.LASF21:
 590 00f7 474E5520 		.ascii	"GNU C 4.9.3 20150303 (release) [ARM/embedded-4_9-br"
 590      4320342E 
 590      392E3320 
 590      32303135 
 590      30333033 
 591 012a 616E6368 		.ascii	"anch revision 221220] -mcpu=cortex-m3 -mthumb -g -O"
 591      20726576 
 591      6973696F 
 591      6E203232 
 591      31323230 
 592 015d 30202D66 		.ascii	"0 -ffunction-sections -ffat-lto-objects\000"
 592      66756E63 
 592      74696F6E 
 592      2D736563 
 592      74696F6E 
 593              	.LASF13:
 594 0185 646F7562 		.ascii	"double\000"
 594      6C6500
 595              	.LASF16:
 596 018c 636F756E 		.ascii	"counter\000"
 596      74657200 
 597              	.LASF18:
 598 0194 49544D5F 		.ascii	"ITM_RxBuffer\000"
 598      52784275 
 598      66666572 
 598      00
 599              	.LASF0:
 600 01a1 7369676E 		.ascii	"signed char\000"
 600      65642063 
 600      68617200 
 601              	.LASF9:
 602 01ad 5F5F696E 		.ascii	"__int32_t\000"
 602      7433325F 
 602      7400
 603              	.LASF12:
 604 01b7 666C6F61 		.ascii	"float\000"
 604      7400
 605              	.LASF2:
 606 01bd 73686F72 		.ascii	"short int\000"
 606      7420696E 
 606      7400
 607              	.LASF10:
 608 01c7 696E7433 		.ascii	"int32_t\000"
 608      325F7400 
 609              	.LASF15:
 610 01cf 73697A65 		.ascii	"sizetype\000"
 610      74797065 
 610      00
 611              		.ident	"GCC: (GNU Tools for ARM Embedded Processors) 4.9.3 20150303 (release) [ARM/embedded-4_9-br
ARM GAS  C:\Users\ILYNGK~1\AppData\Local\Temp\ccPaFLjr.s 			page 15


