ARM GAS  C:\Users\ILYNGK~1\AppData\Local\Temp\ccIMlVnw.s 			page 1


   1              		.syntax unified
   2              		.cpu cortex-m3
   3              		.fpu softvfp
   4              		.eabi_attribute 20, 1
   5              		.eabi_attribute 21, 1
   6              		.eabi_attribute 23, 3
   7              		.eabi_attribute 24, 1
   8              		.eabi_attribute 25, 1
   9              		.eabi_attribute 26, 1
  10              		.eabi_attribute 30, 6
  11              		.eabi_attribute 34, 1
  12              		.eabi_attribute 18, 4
  13              		.thumb
  14              		.file	"USBFS_descr.c"
  15              		.text
  16              	.Ltext0:
  17              		.cfi_sections	.debug_frame
  18              		.global	USBFS_DEVICE0_DESCR
  19              		.section	.rodata
  20              		.align	2
  21              		.type	USBFS_DEVICE0_DESCR, %object
  22              		.size	USBFS_DEVICE0_DESCR, 18
  23              	USBFS_DEVICE0_DESCR:
  24 0000 12       		.byte	18
  25 0001 01       		.byte	1
  26 0002 00       		.byte	0
  27 0003 02       		.byte	2
  28 0004 00       		.byte	0
  29 0005 00       		.byte	0
  30 0006 00       		.byte	0
  31 0007 08       		.byte	8
  32 0008 B4       		.byte	-76
  33 0009 04       		.byte	4
  34 000a 1D       		.byte	29
  35 000b F2       		.byte	-14
  36 000c 00       		.byte	0
  37 000d 00       		.byte	0
  38 000e 01       		.byte	1
  39 000f 02       		.byte	2
  40 0010 80       		.byte	-128
  41 0011 01       		.byte	1
  42              		.global	USBFS_DEVICE0_CONFIGURATION0_DESCR
  43 0012 0000     		.align	2
  44              		.type	USBFS_DEVICE0_CONFIGURATION0_DESCR, %object
  45              		.size	USBFS_DEVICE0_CONFIGURATION0_DESCR, 34
  46              	USBFS_DEVICE0_CONFIGURATION0_DESCR:
  47 0014 09       		.byte	9
  48 0015 02       		.byte	2
  49 0016 22       		.byte	34
  50 0017 00       		.byte	0
  51 0018 01       		.byte	1
  52 0019 01       		.byte	1
  53 001a 01       		.byte	1
  54 001b 80       		.byte	-128
  55 001c 19       		.byte	25
  56 001d 09       		.byte	9
  57 001e 04       		.byte	4
ARM GAS  C:\Users\ILYNGK~1\AppData\Local\Temp\ccIMlVnw.s 			page 2


  58 001f 00       		.byte	0
  59 0020 00       		.byte	0
  60 0021 01       		.byte	1
  61 0022 03       		.byte	3
  62 0023 00       		.byte	0
  63 0024 00       		.byte	0
  64 0025 00       		.byte	0
  65 0026 09       		.byte	9
  66 0027 21       		.byte	33
  67 0028 11       		.byte	17
  68 0029 01       		.byte	1
  69 002a 00       		.byte	0
  70 002b 01       		.byte	1
  71 002c 22       		.byte	34
  72 002d 36       		.byte	54
  73 002e 00       		.byte	0
  74 002f 07       		.byte	7
  75 0030 05       		.byte	5
  76 0031 81       		.byte	-127
  77 0032 03       		.byte	3
  78 0033 08       		.byte	8
  79 0034 00       		.byte	0
  80 0035 0A       		.byte	10
  81              		.global	USBFS_STRING_DESCRIPTORS
  82 0036 0000     		.align	2
  83              		.type	USBFS_STRING_DESCRIPTORS, %object
  84              		.size	USBFS_STRING_DESCRIPTORS, 61
  85              	USBFS_STRING_DESCRIPTORS:
  86 0038 04       		.byte	4
  87 0039 03       		.byte	3
  88 003a 09       		.byte	9
  89 003b 04       		.byte	4
  90 003c 2C       		.byte	44
  91 003d 03       		.byte	3
  92 003e 43       		.byte	67
  93 003f 00       		.byte	0
  94 0040 79       		.byte	121
  95 0041 00       		.byte	0
  96 0042 70       		.byte	112
  97 0043 00       		.byte	0
  98 0044 72       		.byte	114
  99 0045 00       		.byte	0
 100 0046 65       		.byte	101
 101 0047 00       		.byte	0
 102 0048 73       		.byte	115
 103 0049 00       		.byte	0
 104 004a 73       		.byte	115
 105 004b 00       		.byte	0
 106 004c 20       		.byte	32
 107 004d 00       		.byte	0
 108 004e 53       		.byte	83
 109 004f 00       		.byte	0
 110 0050 65       		.byte	101
 111 0051 00       		.byte	0
 112 0052 6D       		.byte	109
 113 0053 00       		.byte	0
 114 0054 69       		.byte	105
ARM GAS  C:\Users\ILYNGK~1\AppData\Local\Temp\ccIMlVnw.s 			page 3


 115 0055 00       		.byte	0
 116 0056 63       		.byte	99
 117 0057 00       		.byte	0
 118 0058 6F       		.byte	111
 119 0059 00       		.byte	0
 120 005a 6E       		.byte	110
 121 005b 00       		.byte	0
 122 005c 64       		.byte	100
 123 005d 00       		.byte	0
 124 005e 75       		.byte	117
 125 005f 00       		.byte	0
 126 0060 63       		.byte	99
 127 0061 00       		.byte	0
 128 0062 74       		.byte	116
 129 0063 00       		.byte	0
 130 0064 6F       		.byte	111
 131 0065 00       		.byte	0
 132 0066 72       		.byte	114
 133 0067 00       		.byte	0
 134 0068 0C       		.byte	12
 135 0069 03       		.byte	3
 136 006a 4D       		.byte	77
 137 006b 00       		.byte	0
 138 006c 6F       		.byte	111
 139 006d 00       		.byte	0
 140 006e 75       		.byte	117
 141 006f 00       		.byte	0
 142 0070 73       		.byte	115
 143 0071 00       		.byte	0
 144 0072 65       		.byte	101
 145 0073 00       		.byte	0
 146 0074 00       		.byte	0
 147              		.global	USBFS_SN_STRING_DESCRIPTOR
 148 0075 000000   		.align	2
 149              		.type	USBFS_SN_STRING_DESCRIPTOR, %object
 150              		.size	USBFS_SN_STRING_DESCRIPTOR, 2
 151              	USBFS_SN_STRING_DESCRIPTOR:
 152 0078 02       		.byte	2
 153 0079 03       		.byte	3
 154              		.global	USBFS_HIDREPORT_DESCRIPTOR1
 155 007a 0000     		.align	2
 156              		.type	USBFS_HIDREPORT_DESCRIPTOR1, %object
 157              		.size	USBFS_HIDREPORT_DESCRIPTOR1, 58
 158              	USBFS_HIDREPORT_DESCRIPTOR1:
 159 007c 36       		.byte	54
 160 007d 00       		.byte	0
 161 007e 05       		.byte	5
 162 007f 01       		.byte	1
 163 0080 09       		.byte	9
 164 0081 02       		.byte	2
 165 0082 A1       		.byte	-95
 166 0083 01       		.byte	1
 167 0084 09       		.byte	9
 168 0085 01       		.byte	1
 169 0086 A1       		.byte	-95
 170 0087 00       		.byte	0
 171 0088 05       		.byte	5
ARM GAS  C:\Users\ILYNGK~1\AppData\Local\Temp\ccIMlVnw.s 			page 4


 172 0089 09       		.byte	9
 173 008a 05       		.byte	5
 174 008b 09       		.byte	9
 175 008c 05       		.byte	5
 176 008d 09       		.byte	9
 177 008e 19       		.byte	25
 178 008f 01       		.byte	1
 179 0090 29       		.byte	41
 180 0091 03       		.byte	3
 181 0092 15       		.byte	21
 182 0093 00       		.byte	0
 183 0094 25       		.byte	37
 184 0095 01       		.byte	1
 185 0096 95       		.byte	-107
 186 0097 03       		.byte	3
 187 0098 75       		.byte	117
 188 0099 01       		.byte	1
 189 009a 81       		.byte	-127
 190 009b 02       		.byte	2
 191 009c 95       		.byte	-107
 192 009d 01       		.byte	1
 193 009e 75       		.byte	117
 194 009f 05       		.byte	5
 195 00a0 81       		.byte	-127
 196 00a1 01       		.byte	1
 197 00a2 05       		.byte	5
 198 00a3 01       		.byte	1
 199 00a4 09       		.byte	9
 200 00a5 30       		.byte	48
 201 00a6 09       		.byte	9
 202 00a7 31       		.byte	49
 203 00a8 15       		.byte	21
 204 00a9 81       		.byte	-127
 205 00aa 25       		.byte	37
 206 00ab 7F       		.byte	127
 207 00ac 75       		.byte	117
 208 00ad 08       		.byte	8
 209 00ae 95       		.byte	-107
 210 00af 02       		.byte	2
 211 00b0 81       		.byte	-127
 212 00b1 06       		.byte	6
 213 00b2 C0       		.byte	-64
 214 00b3 C0       		.byte	-64
 215 00b4 00       		.byte	0
 216 00b5 00       		.byte	0
 217              		.comm	USBFS_DEVICE0_CONFIGURATION0_INTERFACE0_ALTERNATE0_HID_IN_RPT_SCB,4,4
 218              		.comm	USBFS_DEVICE0_CONFIGURATION0_INTERFACE0_ALTERNATE0_HID_IN_BUF,4,4
 219              		.global	USBFS_DEVICE0_CONFIGURATION0_INTERFACE0_ALTERNATE0_HID_IN_RPT_TABLE
 220 00b6 0000     		.align	2
 221              		.type	USBFS_DEVICE0_CONFIGURATION0_INTERFACE0_ALTERNATE0_HID_IN_RPT_TABLE, %object
 222              		.size	USBFS_DEVICE0_CONFIGURATION0_INTERFACE0_ALTERNATE0_HID_IN_RPT_TABLE, 12
 223              	USBFS_DEVICE0_CONFIGURATION0_INTERFACE0_ALTERNATE0_HID_IN_RPT_TABLE:
 224 00b8 0400     		.short	4
 225 00ba 0000     		.space	2
 226 00bc 00000000 		.word	USBFS_DEVICE0_CONFIGURATION0_INTERFACE0_ALTERNATE0_HID_IN_BUF
 227 00c0 00000000 		.word	USBFS_DEVICE0_CONFIGURATION0_INTERFACE0_ALTERNATE0_HID_IN_RPT_SCB
 228              		.global	USBFS_DEVICE0_CONFIGURATION0_INTERFACE0_ALTERNATE0_HID_TABLE
ARM GAS  C:\Users\ILYNGK~1\AppData\Local\Temp\ccIMlVnw.s 			page 5


 229              		.align	2
 230              		.type	USBFS_DEVICE0_CONFIGURATION0_INTERFACE0_ALTERNATE0_HID_TABLE, %object
 231              		.size	USBFS_DEVICE0_CONFIGURATION0_INTERFACE0_ALTERNATE0_HID_TABLE, 40
 232              	USBFS_DEVICE0_CONFIGURATION0_INTERFACE0_ALTERNATE0_HID_TABLE:
 233 00c4 00       		.byte	0
 234 00c5 000000   		.space	3
 235 00c8 00000000 		.word	USBFS_DEVICE0_CONFIGURATION0_INTERFACE0_ALTERNATE0_HID_IN_RPT_TABLE
 236 00cc 00       		.byte	0
 237 00cd 000000   		.space	3
 238 00d0 00000000 		.word	0
 239 00d4 00       		.byte	0
 240 00d5 000000   		.space	3
 241 00d8 00000000 		.word	0
 242 00dc 01       		.byte	1
 243 00dd 000000   		.space	3
 244 00e0 00000000 		.word	USBFS_HIDREPORT_DESCRIPTOR1
 245 00e4 01       		.byte	1
 246 00e5 000000   		.space	3
 247 00e8 12000000 		.word	USBFS_DEVICE0_CONFIGURATION0_DESCR+18
 248              		.global	USBFS_DEVICE0_CONFIGURATION0_INTERFACE0_TABLE
 249              		.align	2
 250              		.type	USBFS_DEVICE0_CONFIGURATION0_INTERFACE0_TABLE, %object
 251              		.size	USBFS_DEVICE0_CONFIGURATION0_INTERFACE0_TABLE, 8
 252              	USBFS_DEVICE0_CONFIGURATION0_INTERFACE0_TABLE:
 253 00ec 01       		.byte	1
 254 00ed 000000   		.space	3
 255 00f0 00000000 		.word	USBFS_DEVICE0_CONFIGURATION0_INTERFACE0_ALTERNATE0_HID_TABLE
 256              		.global	USBFS_DEVICE0_CONFIGURATION0_EP_SETTINGS_TABLE
 257              		.align	2
 258              		.type	USBFS_DEVICE0_CONFIGURATION0_EP_SETTINGS_TABLE, %object
 259              		.size	USBFS_DEVICE0_CONFIGURATION0_EP_SETTINGS_TABLE, 8
 260              	USBFS_DEVICE0_CONFIGURATION0_EP_SETTINGS_TABLE:
 261 00f4 00       		.byte	0
 262 00f5 00       		.byte	0
 263 00f6 81       		.byte	-127
 264 00f7 03       		.byte	3
 265 00f8 0800     		.short	8
 266 00fa 03       		.byte	3
 267 00fb 00       		.space	1
 268              		.global	USBFS_DEVICE0_CONFIGURATION0_INTERFACE_CLASS
 269              		.align	2
 270              		.type	USBFS_DEVICE0_CONFIGURATION0_INTERFACE_CLASS, %object
 271              		.size	USBFS_DEVICE0_CONFIGURATION0_INTERFACE_CLASS, 1
 272              	USBFS_DEVICE0_CONFIGURATION0_INTERFACE_CLASS:
 273 00fc 03       		.byte	3
 274              		.global	USBFS_DEVICE0_CONFIGURATION0_TABLE
 275 00fd 000000   		.align	2
 276              		.type	USBFS_DEVICE0_CONFIGURATION0_TABLE, %object
 277              		.size	USBFS_DEVICE0_CONFIGURATION0_TABLE, 32
 278              	USBFS_DEVICE0_CONFIGURATION0_TABLE:
 279 0100 01       		.byte	1
 280 0101 000000   		.space	3
 281 0104 00000000 		.word	USBFS_DEVICE0_CONFIGURATION0_DESCR
 282 0108 01       		.byte	1
 283 0109 000000   		.space	3
 284 010c 00000000 		.word	USBFS_DEVICE0_CONFIGURATION0_EP_SETTINGS_TABLE
 285 0110 01       		.byte	1
ARM GAS  C:\Users\ILYNGK~1\AppData\Local\Temp\ccIMlVnw.s 			page 6


 286 0111 000000   		.space	3
 287 0114 00000000 		.word	USBFS_DEVICE0_CONFIGURATION0_INTERFACE0_TABLE
 288 0118 00       		.byte	0
 289 0119 000000   		.space	3
 290 011c 00000000 		.word	USBFS_DEVICE0_CONFIGURATION0_INTERFACE_CLASS
 291              		.global	USBFS_DEVICE0_TABLE
 292              		.align	2
 293              		.type	USBFS_DEVICE0_TABLE, %object
 294              		.size	USBFS_DEVICE0_TABLE, 24
 295              	USBFS_DEVICE0_TABLE:
 296 0120 01       		.byte	1
 297 0121 000000   		.space	3
 298 0124 00000000 		.word	USBFS_DEVICE0_DESCR
 299 0128 00       		.byte	0
 300 0129 000000   		.space	3
 301 012c 00000000 		.word	0
 302 0130 01       		.byte	1
 303 0131 000000   		.space	3
 304 0134 00000000 		.word	USBFS_DEVICE0_CONFIGURATION0_TABLE
 305              		.global	USBFS_TABLE
 306              		.align	2
 307              		.type	USBFS_TABLE, %object
 308              		.size	USBFS_TABLE, 8
 309              	USBFS_TABLE:
 310 0138 01       		.byte	1
 311 0139 000000   		.space	3
 312 013c 00000000 		.word	USBFS_DEVICE0_TABLE
 313              		.global	USBFS_MSOS_DESCRIPTOR
 314              		.align	2
 315              		.type	USBFS_MSOS_DESCRIPTOR, %object
 316              		.size	USBFS_MSOS_DESCRIPTOR, 18
 317              	USBFS_MSOS_DESCRIPTOR:
 318 0140 12       		.byte	18
 319 0141 03       		.byte	3
 320 0142 4D       		.byte	77
 321 0143 00       		.byte	0
 322 0144 53       		.byte	83
 323 0145 00       		.byte	0
 324 0146 46       		.byte	70
 325 0147 00       		.byte	0
 326 0148 54       		.byte	84
 327 0149 00       		.byte	0
 328 014a 31       		.byte	49
 329 014b 00       		.byte	0
 330 014c 30       		.byte	48
 331 014d 00       		.byte	0
 332 014e 30       		.byte	48
 333 014f 00       		.byte	0
 334 0150 01       		.byte	1
 335 0151 00       		.byte	0
 336              		.global	USBFS_MSOS_CONFIGURATION_DESCR
 337 0152 0000     		.align	2
 338              		.type	USBFS_MSOS_CONFIGURATION_DESCR, %object
 339              		.size	USBFS_MSOS_CONFIGURATION_DESCR, 40
 340              	USBFS_MSOS_CONFIGURATION_DESCR:
 341 0154 28       		.byte	40
 342 0155 00       		.byte	0
ARM GAS  C:\Users\ILYNGK~1\AppData\Local\Temp\ccIMlVnw.s 			page 7


 343 0156 00       		.byte	0
 344 0157 00       		.byte	0
 345 0158 00       		.byte	0
 346 0159 01       		.byte	1
 347 015a 04       		.byte	4
 348 015b 00       		.byte	0
 349 015c 01       		.byte	1
 350 015d 00       		.byte	0
 351 015e 00       		.byte	0
 352 015f 00       		.byte	0
 353 0160 00       		.byte	0
 354 0161 00       		.byte	0
 355 0162 00       		.byte	0
 356 0163 00       		.byte	0
 357 0164 00       		.byte	0
 358 0165 01       		.byte	1
 359 0166 43       		.byte	67
 360 0167 59       		.byte	89
 361 0168 55       		.byte	85
 362 0169 53       		.byte	83
 363 016a 42       		.byte	66
 364 016b 00       		.byte	0
 365 016c 00       		.byte	0
 366 016d 00       		.byte	0
 367 016e 30       		.byte	48
 368 016f 30       		.byte	48
 369 0170 30       		.byte	48
 370 0171 30       		.byte	48
 371 0172 31       		.byte	49
 372 0173 00       		.byte	0
 373 0174 00       		.byte	0
 374 0175 00       		.byte	0
 375 0176 00       		.byte	0
 376 0177 00       		.byte	0
 377 0178 00       		.byte	0
 378 0179 00       		.byte	0
 379 017a 00       		.byte	0
 380 017b 00       		.byte	0
 381              		.text
 382              	.Letext0:
 383              		.file 1 "Generated_Source\\PSoC5\\cytypes.h"
 384              		.file 2 "Generated_Source\\PSoC5\\USBFS.h"
 385              		.file 3 "Generated_Source\\PSoC5\\USBFS_descr.c"
 386              		.section	.debug_info,"",%progbits
 387              	.Ldebug_info0:
 388 0000 E4030000 		.4byte	0x3e4
 389 0004 0400     		.2byte	0x4
 390 0006 00000000 		.4byte	.Ldebug_abbrev0
 391 000a 04       		.byte	0x4
 392 000b 01       		.uleb128 0x1
 393 000c 7D020000 		.4byte	.LASF48
 394 0010 01       		.byte	0x1
 395 0011 A1030000 		.4byte	.LASF49
 396 0015 DA010000 		.4byte	.LASF50
 397 0019 00000000 		.4byte	.Ldebug_line0
 398 001d 02       		.uleb128 0x2
 399 001e 01       		.byte	0x1
ARM GAS  C:\Users\ILYNGK~1\AppData\Local\Temp\ccIMlVnw.s 			page 8


 400 001f 06       		.byte	0x6
 401 0020 95040000 		.4byte	.LASF0
 402 0024 02       		.uleb128 0x2
 403 0025 01       		.byte	0x1
 404 0026 08       		.byte	0x8
 405 0027 32020000 		.4byte	.LASF1
 406 002b 02       		.uleb128 0x2
 407 002c 02       		.byte	0x2
 408 002d 05       		.byte	0x5
 409 002e 30040000 		.4byte	.LASF2
 410 0032 02       		.uleb128 0x2
 411 0033 02       		.byte	0x2
 412 0034 07       		.byte	0x7
 413 0035 D2000000 		.4byte	.LASF3
 414 0039 02       		.uleb128 0x2
 415 003a 04       		.byte	0x4
 416 003b 05       		.byte	0x5
 417 003c 85040000 		.4byte	.LASF4
 418 0040 02       		.uleb128 0x2
 419 0041 04       		.byte	0x4
 420 0042 07       		.byte	0x7
 421 0043 6B030000 		.4byte	.LASF5
 422 0047 02       		.uleb128 0x2
 423 0048 08       		.byte	0x8
 424 0049 05       		.byte	0x5
 425 004a F0030000 		.4byte	.LASF6
 426 004e 02       		.uleb128 0x2
 427 004f 08       		.byte	0x8
 428 0050 07       		.byte	0x7
 429 0051 8A030000 		.4byte	.LASF7
 430 0055 03       		.uleb128 0x3
 431 0056 04       		.byte	0x4
 432 0057 05       		.byte	0x5
 433 0058 696E7400 		.ascii	"int\000"
 434 005c 02       		.uleb128 0x2
 435 005d 04       		.byte	0x4
 436 005e 07       		.byte	0x7
 437 005f 7D030000 		.4byte	.LASF8
 438 0063 04       		.uleb128 0x4
 439 0064 75040000 		.4byte	.LASF9
 440 0068 01       		.byte	0x1
 441 0069 9201     		.2byte	0x192
 442 006b 24000000 		.4byte	0x24
 443 006f 04       		.uleb128 0x4
 444 0070 12030000 		.4byte	.LASF10
 445 0074 01       		.byte	0x1
 446 0075 9301     		.2byte	0x193
 447 0077 32000000 		.4byte	0x32
 448 007b 02       		.uleb128 0x2
 449 007c 04       		.byte	0x4
 450 007d 04       		.byte	0x4
 451 007e 4F010000 		.4byte	.LASF11
 452 0082 02       		.uleb128 0x2
 453 0083 08       		.byte	0x8
 454 0084 04       		.byte	0x4
 455 0085 0B030000 		.4byte	.LASF12
 456 0089 02       		.uleb128 0x2
ARM GAS  C:\Users\ILYNGK~1\AppData\Local\Temp\ccIMlVnw.s 			page 9


 457 008a 01       		.byte	0x1
 458 008b 08       		.byte	0x8
 459 008c 0A040000 		.4byte	.LASF13
 460 0090 05       		.uleb128 0x5
 461 0091 63000000 		.4byte	0x63
 462 0095 02       		.uleb128 0x2
 463 0096 04       		.byte	0x4
 464 0097 07       		.byte	0x7
 465 0098 E7030000 		.4byte	.LASF14
 466 009c 06       		.uleb128 0x6
 467 009d 08       		.byte	0x8
 468 009e 02       		.byte	0x2
 469 009f A0       		.byte	0xa0
 470 00a0 ED000000 		.4byte	0xed
 471 00a4 07       		.uleb128 0x7
 472 00a5 7B040000 		.4byte	.LASF15
 473 00a9 02       		.byte	0x2
 474 00aa A2       		.byte	0xa2
 475 00ab 63000000 		.4byte	0x63
 476 00af 00       		.byte	0
 477 00b0 07       		.uleb128 0x7
 478 00b1 55010000 		.4byte	.LASF16
 479 00b5 02       		.byte	0x2
 480 00b6 A3       		.byte	0xa3
 481 00b7 63000000 		.4byte	0x63
 482 00bb 01       		.byte	0x1
 483 00bc 07       		.uleb128 0x7
 484 00bd C1010000 		.4byte	.LASF17
 485 00c1 02       		.byte	0x2
 486 00c2 A4       		.byte	0xa4
 487 00c3 63000000 		.4byte	0x63
 488 00c7 02       		.byte	0x2
 489 00c8 07       		.uleb128 0x7
 490 00c9 79010000 		.4byte	.LASF18
 491 00cd 02       		.byte	0x2
 492 00ce A5       		.byte	0xa5
 493 00cf 63000000 		.4byte	0x63
 494 00d3 03       		.byte	0x3
 495 00d4 07       		.uleb128 0x7
 496 00d5 25040000 		.4byte	.LASF19
 497 00d9 02       		.byte	0x2
 498 00da A6       		.byte	0xa6
 499 00db 6F000000 		.4byte	0x6f
 500 00df 04       		.byte	0x4
 501 00e0 07       		.uleb128 0x7
 502 00e1 EA040000 		.4byte	.LASF20
 503 00e5 02       		.byte	0x2
 504 00e6 A7       		.byte	0xa7
 505 00e7 63000000 		.4byte	0x63
 506 00eb 06       		.byte	0x6
 507 00ec 00       		.byte	0
 508 00ed 08       		.uleb128 0x8
 509 00ee CD030000 		.4byte	.LASF21
 510 00f2 02       		.byte	0x2
 511 00f3 A8       		.byte	0xa8
 512 00f4 9C000000 		.4byte	0x9c
 513 00f8 06       		.uleb128 0x6
ARM GAS  C:\Users\ILYNGK~1\AppData\Local\Temp\ccIMlVnw.s 			page 10


 514 00f9 04       		.byte	0x4
 515 00fa 02       		.byte	0x2
 516 00fb AA       		.byte	0xaa
 517 00fc 19010000 		.4byte	0x119
 518 0100 07       		.uleb128 0x7
 519 0101 8E040000 		.4byte	.LASF22
 520 0105 02       		.byte	0x2
 521 0106 AC       		.byte	0xac
 522 0107 63000000 		.4byte	0x63
 523 010b 00       		.byte	0
 524 010c 07       		.uleb128 0x7
 525 010d E3040000 		.4byte	.LASF23
 526 0111 02       		.byte	0x2
 527 0112 AD       		.byte	0xad
 528 0113 6F000000 		.4byte	0x6f
 529 0117 02       		.byte	0x2
 530 0118 00       		.byte	0
 531 0119 08       		.uleb128 0x8
 532 011a 84010000 		.4byte	.LASF24
 533 011e 02       		.byte	0x2
 534 011f AE       		.byte	0xae
 535 0120 F8000000 		.4byte	0xf8
 536 0124 06       		.uleb128 0x6
 537 0125 0C       		.byte	0xc
 538 0126 02       		.byte	0x2
 539 0127 B0       		.byte	0xb0
 540 0128 51010000 		.4byte	0x151
 541 012c 07       		.uleb128 0x7
 542 012d 9E000000 		.4byte	.LASF25
 543 0131 02       		.byte	0x2
 544 0132 B2       		.byte	0xb2
 545 0133 6F000000 		.4byte	0x6f
 546 0137 00       		.byte	0
 547 0138 07       		.uleb128 0x7
 548 0139 3E010000 		.4byte	.LASF26
 549 013d 02       		.byte	0x2
 550 013e B3       		.byte	0xb3
 551 013f 51010000 		.4byte	0x151
 552 0143 04       		.byte	0x4
 553 0144 07       		.uleb128 0x7
 554 0145 14000000 		.4byte	.LASF27
 555 0149 02       		.byte	0x2
 556 014a B4       		.byte	0xb4
 557 014b 57010000 		.4byte	0x157
 558 014f 08       		.byte	0x8
 559 0150 00       		.byte	0
 560 0151 09       		.uleb128 0x9
 561 0152 04       		.byte	0x4
 562 0153 90000000 		.4byte	0x90
 563 0157 09       		.uleb128 0x9
 564 0158 04       		.byte	0x4
 565 0159 19010000 		.4byte	0x119
 566 015d 08       		.uleb128 0x8
 567 015e 44010000 		.4byte	.LASF28
 568 0162 02       		.byte	0x2
 569 0163 B5       		.byte	0xb5
 570 0164 24010000 		.4byte	0x124
ARM GAS  C:\Users\ILYNGK~1\AppData\Local\Temp\ccIMlVnw.s 			page 11


 571 0168 06       		.uleb128 0x6
 572 0169 08       		.byte	0x8
 573 016a 02       		.byte	0x2
 574 016b B7       		.byte	0xb7
 575 016c 87010000 		.4byte	0x187
 576 0170 0A       		.uleb128 0xa
 577 0171 6300     		.ascii	"c\000"
 578 0173 02       		.byte	0x2
 579 0174 B9       		.byte	0xb9
 580 0175 63000000 		.4byte	0x63
 581 0179 00       		.byte	0
 582 017a 07       		.uleb128 0x7
 583 017b C6030000 		.4byte	.LASF29
 584 017f 02       		.byte	0x2
 585 0180 BA       		.byte	0xba
 586 0181 87010000 		.4byte	0x187
 587 0185 04       		.byte	0x4
 588 0186 00       		.byte	0
 589 0187 09       		.uleb128 0x9
 590 0188 04       		.byte	0x4
 591 0189 8D010000 		.4byte	0x18d
 592 018d 0B       		.uleb128 0xb
 593 018e 08       		.uleb128 0x8
 594 018f FE030000 		.4byte	.LASF30
 595 0193 02       		.byte	0x2
 596 0194 BB       		.byte	0xbb
 597 0195 68010000 		.4byte	0x168
 598 0199 0C       		.uleb128 0xc
 599 019a 63000000 		.4byte	0x63
 600 019e A9010000 		.4byte	0x1a9
 601 01a2 0D       		.uleb128 0xd
 602 01a3 95000000 		.4byte	0x95
 603 01a7 11       		.byte	0x11
 604 01a8 00       		.byte	0
 605 01a9 0E       		.uleb128 0xe
 606 01aa 00000000 		.4byte	.LASF31
 607 01ae 03       		.byte	0x3
 608 01af 24       		.byte	0x24
 609 01b0 BA010000 		.4byte	0x1ba
 610 01b4 05       		.uleb128 0x5
 611 01b5 03       		.byte	0x3
 612 01b6 00000000 		.4byte	USBFS_DEVICE0_DESCR
 613 01ba 0F       		.uleb128 0xf
 614 01bb 99010000 		.4byte	0x199
 615 01bf 0C       		.uleb128 0xc
 616 01c0 63000000 		.4byte	0x63
 617 01c4 CF010000 		.4byte	0x1cf
 618 01c8 0D       		.uleb128 0xd
 619 01c9 95000000 		.4byte	0x95
 620 01cd 21       		.byte	0x21
 621 01ce 00       		.byte	0
 622 01cf 0E       		.uleb128 0xe
 623 01d0 48030000 		.4byte	.LASF32
 624 01d4 03       		.byte	0x3
 625 01d5 37       		.byte	0x37
 626 01d6 E0010000 		.4byte	0x1e0
 627 01da 05       		.uleb128 0x5
ARM GAS  C:\Users\ILYNGK~1\AppData\Local\Temp\ccIMlVnw.s 			page 12


 628 01db 03       		.byte	0x3
 629 01dc 00000000 		.4byte	USBFS_DEVICE0_CONFIGURATION0_DESCR
 630 01e0 0F       		.uleb128 0xf
 631 01e1 BF010000 		.4byte	0x1bf
 632 01e5 0C       		.uleb128 0xc
 633 01e6 8E010000 		.4byte	0x18e
 634 01ea F5010000 		.4byte	0x1f5
 635 01ee 0D       		.uleb128 0xd
 636 01ef 95000000 		.4byte	0x95
 637 01f3 00       		.byte	0
 638 01f4 00       		.byte	0
 639 01f5 0E       		.uleb128 0xe
 640 01f6 A4000000 		.4byte	.LASF33
 641 01fa 03       		.byte	0x3
 642 01fb D3       		.byte	0xd3
 643 01fc 06020000 		.4byte	0x206
 644 0200 05       		.uleb128 0x5
 645 0201 03       		.byte	0x3
 646 0202 00000000 		.4byte	USBFS_DEVICE0_CONFIGURATION0_INTERFACE0_TABLE
 647 0206 0F       		.uleb128 0xf
 648 0207 E5010000 		.4byte	0x1e5
 649 020b 0C       		.uleb128 0xc
 650 020c ED000000 		.4byte	0xed
 651 0210 1B020000 		.4byte	0x21b
 652 0214 0D       		.uleb128 0xd
 653 0215 95000000 		.4byte	0x95
 654 0219 00       		.byte	0
 655 021a 00       		.byte	0
 656 021b 0E       		.uleb128 0xe
 657 021c 19030000 		.4byte	.LASF34
 658 0220 03       		.byte	0x3
 659 0221 DE       		.byte	0xde
 660 0222 2C020000 		.4byte	0x22c
 661 0226 05       		.uleb128 0x5
 662 0227 03       		.byte	0x3
 663 0228 00000000 		.4byte	USBFS_DEVICE0_CONFIGURATION0_EP_SETTINGS_TABLE
 664 022c 0F       		.uleb128 0xf
 665 022d 0B020000 		.4byte	0x20b
 666 0231 0C       		.uleb128 0xc
 667 0232 63000000 		.4byte	0x63
 668 0236 41020000 		.4byte	0x241
 669 023a 0D       		.uleb128 0xd
 670 023b 95000000 		.4byte	0x95
 671 023f 00       		.byte	0
 672 0240 00       		.byte	0
 673 0241 0E       		.uleb128 0xe
 674 0242 21000000 		.4byte	.LASF35
 675 0246 03       		.byte	0x3
 676 0247 E2       		.byte	0xe2
 677 0248 52020000 		.4byte	0x252
 678 024c 05       		.uleb128 0x5
 679 024d 03       		.byte	0x3
 680 024e 00000000 		.4byte	USBFS_DEVICE0_CONFIGURATION0_INTERFACE_CLASS
 681 0252 0F       		.uleb128 0xf
 682 0253 31020000 		.4byte	0x231
 683 0257 0C       		.uleb128 0xc
 684 0258 8E010000 		.4byte	0x18e
ARM GAS  C:\Users\ILYNGK~1\AppData\Local\Temp\ccIMlVnw.s 			page 13


 685 025c 67020000 		.4byte	0x267
 686 0260 0D       		.uleb128 0xd
 687 0261 95000000 		.4byte	0x95
 688 0265 03       		.byte	0x3
 689 0266 00       		.byte	0
 690 0267 0E       		.uleb128 0xe
 691 0268 9E010000 		.4byte	.LASF36
 692 026c 03       		.byte	0x3
 693 026d EA       		.byte	0xea
 694 026e 78020000 		.4byte	0x278
 695 0272 05       		.uleb128 0x5
 696 0273 03       		.byte	0x3
 697 0274 00000000 		.4byte	USBFS_DEVICE0_CONFIGURATION0_TABLE
 698 0278 0F       		.uleb128 0xf
 699 0279 57020000 		.4byte	0x257
 700 027d 0C       		.uleb128 0xc
 701 027e 8E010000 		.4byte	0x18e
 702 0282 8D020000 		.4byte	0x28d
 703 0286 0D       		.uleb128 0xd
 704 0287 95000000 		.4byte	0x95
 705 028b 02       		.byte	0x2
 706 028c 00       		.byte	0
 707 028d 0E       		.uleb128 0xe
 708 028e C6010000 		.4byte	.LASF37
 709 0292 03       		.byte	0x3
 710 0293 F4       		.byte	0xf4
 711 0294 9E020000 		.4byte	0x29e
 712 0298 05       		.uleb128 0x5
 713 0299 03       		.byte	0x3
 714 029a 00000000 		.4byte	USBFS_DEVICE0_TABLE
 715 029e 0F       		.uleb128 0xf
 716 029f 7D020000 		.4byte	0x27d
 717 02a3 0E       		.uleb128 0xe
 718 02a4 92000000 		.4byte	.LASF38
 719 02a8 03       		.byte	0x3
 720 02a9 FC       		.byte	0xfc
 721 02aa B4020000 		.4byte	0x2b4
 722 02ae 05       		.uleb128 0x5
 723 02af 03       		.byte	0x3
 724 02b0 00000000 		.4byte	USBFS_TABLE
 725 02b4 0F       		.uleb128 0xf
 726 02b5 E5010000 		.4byte	0x1e5
 727 02b9 0C       		.uleb128 0xc
 728 02ba 63000000 		.4byte	0x63
 729 02be C9020000 		.4byte	0x2c9
 730 02c2 0D       		.uleb128 0xd
 731 02c3 95000000 		.4byte	0x95
 732 02c7 01       		.byte	0x1
 733 02c8 00       		.byte	0
 734 02c9 0E       		.uleb128 0xe
 735 02ca E5000000 		.4byte	.LASF39
 736 02ce 03       		.byte	0x3
 737 02cf 83       		.byte	0x83
 738 02d0 DA020000 		.4byte	0x2da
 739 02d4 05       		.uleb128 0x5
 740 02d5 03       		.byte	0x3
 741 02d6 00000000 		.4byte	USBFS_SN_STRING_DESCRIPTOR
ARM GAS  C:\Users\ILYNGK~1\AppData\Local\Temp\ccIMlVnw.s 			page 14


 742 02da 0F       		.uleb128 0xf
 743 02db B9020000 		.4byte	0x2b9
 744 02df 0C       		.uleb128 0xc
 745 02e0 63000000 		.4byte	0x63
 746 02e4 EF020000 		.4byte	0x2ef
 747 02e8 0D       		.uleb128 0xd
 748 02e9 95000000 		.4byte	0x95
 749 02ed 3C       		.byte	0x3c
 750 02ee 00       		.byte	0
 751 02ef 0E       		.uleb128 0xe
 752 02f0 60010000 		.4byte	.LASF40
 753 02f4 03       		.byte	0x3
 754 02f5 65       		.byte	0x65
 755 02f6 00030000 		.4byte	0x300
 756 02fa 05       		.uleb128 0x5
 757 02fb 03       		.byte	0x3
 758 02fc 00000000 		.4byte	USBFS_STRING_DESCRIPTORS
 759 0300 0F       		.uleb128 0xf
 760 0301 DF020000 		.4byte	0x2df
 761 0305 0E       		.uleb128 0xe
 762 0306 A1040000 		.4byte	.LASF41
 763 030a 03       		.byte	0x3
 764 030b B3       		.byte	0xb3
 765 030c 19010000 		.4byte	0x119
 766 0310 05       		.uleb128 0x5
 767 0311 03       		.byte	0x3
 768 0312 00000000 		.4byte	USBFS_DEVICE0_CONFIGURATION0_INTERFACE0_ALTERNATE0_HID_IN_RPT_SCB
 769 0316 0C       		.uleb128 0xc
 770 0317 63000000 		.4byte	0x63
 771 031b 26030000 		.4byte	0x326
 772 031f 0D       		.uleb128 0xd
 773 0320 95000000 		.4byte	0x95
 774 0324 03       		.byte	0x3
 775 0325 00       		.byte	0
 776 0326 0E       		.uleb128 0xe
 777 0327 00010000 		.4byte	.LASF42
 778 032b 03       		.byte	0x3
 779 032c B4       		.byte	0xb4
 780 032d 16030000 		.4byte	0x316
 781 0331 05       		.uleb128 0x5
 782 0332 03       		.byte	0x3
 783 0333 00000000 		.4byte	USBFS_DEVICE0_CONFIGURATION0_INTERFACE0_ALTERNATE0_HID_IN_BUF
 784 0337 0C       		.uleb128 0xc
 785 0338 63000000 		.4byte	0x63
 786 033c 47030000 		.4byte	0x347
 787 0340 0D       		.uleb128 0xd
 788 0341 95000000 		.4byte	0x95
 789 0345 39       		.byte	0x39
 790 0346 00       		.byte	0
 791 0347 0E       		.uleb128 0xe
 792 0348 3A040000 		.4byte	.LASF43
 793 034c 03       		.byte	0x3
 794 034d 8C       		.byte	0x8c
 795 034e 58030000 		.4byte	0x358
 796 0352 05       		.uleb128 0x5
 797 0353 03       		.byte	0x3
 798 0354 00000000 		.4byte	USBFS_HIDREPORT_DESCRIPTOR1
ARM GAS  C:\Users\ILYNGK~1\AppData\Local\Temp\ccIMlVnw.s 			page 15


 799 0358 0F       		.uleb128 0xf
 800 0359 37030000 		.4byte	0x337
 801 035d 0C       		.uleb128 0xc
 802 035e 5D010000 		.4byte	0x15d
 803 0362 6D030000 		.4byte	0x36d
 804 0366 0D       		.uleb128 0xd
 805 0367 95000000 		.4byte	0x95
 806 036b 00       		.byte	0
 807 036c 00       		.byte	0
 808 036d 0E       		.uleb128 0xe
 809 036e 4E000000 		.4byte	.LASF44
 810 0372 03       		.byte	0x3
 811 0373 BA       		.byte	0xba
 812 0374 7E030000 		.4byte	0x37e
 813 0378 05       		.uleb128 0x5
 814 0379 03       		.byte	0x3
 815 037a 00000000 		.4byte	USBFS_DEVICE0_CONFIGURATION0_INTERFACE0_ALTERNATE0_HID_IN_RPT_TABLE
 816 037e 0F       		.uleb128 0xf
 817 037f 5D030000 		.4byte	0x35d
 818 0383 0C       		.uleb128 0xc
 819 0384 8E010000 		.4byte	0x18e
 820 0388 93030000 		.4byte	0x393
 821 038c 0D       		.uleb128 0xd
 822 038d 95000000 		.4byte	0x95
 823 0391 04       		.byte	0x4
 824 0392 00       		.byte	0
 825 0393 0E       		.uleb128 0xe
 826 0394 40020000 		.4byte	.LASF45
 827 0398 03       		.byte	0x3
 828 0399 C7       		.byte	0xc7
 829 039a A4030000 		.4byte	0x3a4
 830 039e 05       		.uleb128 0x5
 831 039f 03       		.byte	0x3
 832 03a0 00000000 		.4byte	USBFS_DEVICE0_CONFIGURATION0_INTERFACE0_ALTERNATE0_HID_TABLE
 833 03a4 0F       		.uleb128 0xf
 834 03a5 83030000 		.4byte	0x383
 835 03a9 10       		.uleb128 0x10
 836 03aa 0F040000 		.4byte	.LASF46
 837 03ae 03       		.byte	0x3
 838 03af 0C01     		.2byte	0x10c
 839 03b1 BB030000 		.4byte	0x3bb
 840 03b5 05       		.uleb128 0x5
 841 03b6 03       		.byte	0x3
 842 03b7 00000000 		.4byte	USBFS_MSOS_DESCRIPTOR
 843 03bb 0F       		.uleb128 0xf
 844 03bc 99010000 		.4byte	0x199
 845 03c0 0C       		.uleb128 0xc
 846 03c1 63000000 		.4byte	0x63
 847 03c5 D0030000 		.4byte	0x3d0
 848 03c9 0D       		.uleb128 0xd
 849 03ca 95000000 		.4byte	0x95
 850 03ce 27       		.byte	0x27
 851 03cf 00       		.byte	0
 852 03d0 10       		.uleb128 0x10
 853 03d1 56040000 		.4byte	.LASF47
 854 03d5 03       		.byte	0x3
 855 03d6 1701     		.2byte	0x117
ARM GAS  C:\Users\ILYNGK~1\AppData\Local\Temp\ccIMlVnw.s 			page 16


 856 03d8 E2030000 		.4byte	0x3e2
 857 03dc 05       		.uleb128 0x5
 858 03dd 03       		.byte	0x3
 859 03de 00000000 		.4byte	USBFS_MSOS_CONFIGURATION_DESCR
 860 03e2 0F       		.uleb128 0xf
 861 03e3 C0030000 		.4byte	0x3c0
 862 03e7 00       		.byte	0
 863              		.section	.debug_abbrev,"",%progbits
 864              	.Ldebug_abbrev0:
 865 0000 01       		.uleb128 0x1
 866 0001 11       		.uleb128 0x11
 867 0002 01       		.byte	0x1
 868 0003 25       		.uleb128 0x25
 869 0004 0E       		.uleb128 0xe
 870 0005 13       		.uleb128 0x13
 871 0006 0B       		.uleb128 0xb
 872 0007 03       		.uleb128 0x3
 873 0008 0E       		.uleb128 0xe
 874 0009 1B       		.uleb128 0x1b
 875 000a 0E       		.uleb128 0xe
 876 000b 10       		.uleb128 0x10
 877 000c 17       		.uleb128 0x17
 878 000d 00       		.byte	0
 879 000e 00       		.byte	0
 880 000f 02       		.uleb128 0x2
 881 0010 24       		.uleb128 0x24
 882 0011 00       		.byte	0
 883 0012 0B       		.uleb128 0xb
 884 0013 0B       		.uleb128 0xb
 885 0014 3E       		.uleb128 0x3e
 886 0015 0B       		.uleb128 0xb
 887 0016 03       		.uleb128 0x3
 888 0017 0E       		.uleb128 0xe
 889 0018 00       		.byte	0
 890 0019 00       		.byte	0
 891 001a 03       		.uleb128 0x3
 892 001b 24       		.uleb128 0x24
 893 001c 00       		.byte	0
 894 001d 0B       		.uleb128 0xb
 895 001e 0B       		.uleb128 0xb
 896 001f 3E       		.uleb128 0x3e
 897 0020 0B       		.uleb128 0xb
 898 0021 03       		.uleb128 0x3
 899 0022 08       		.uleb128 0x8
 900 0023 00       		.byte	0
 901 0024 00       		.byte	0
 902 0025 04       		.uleb128 0x4
 903 0026 16       		.uleb128 0x16
 904 0027 00       		.byte	0
 905 0028 03       		.uleb128 0x3
 906 0029 0E       		.uleb128 0xe
 907 002a 3A       		.uleb128 0x3a
 908 002b 0B       		.uleb128 0xb
 909 002c 3B       		.uleb128 0x3b
 910 002d 05       		.uleb128 0x5
 911 002e 49       		.uleb128 0x49
 912 002f 13       		.uleb128 0x13
ARM GAS  C:\Users\ILYNGK~1\AppData\Local\Temp\ccIMlVnw.s 			page 17


 913 0030 00       		.byte	0
 914 0031 00       		.byte	0
 915 0032 05       		.uleb128 0x5
 916 0033 35       		.uleb128 0x35
 917 0034 00       		.byte	0
 918 0035 49       		.uleb128 0x49
 919 0036 13       		.uleb128 0x13
 920 0037 00       		.byte	0
 921 0038 00       		.byte	0
 922 0039 06       		.uleb128 0x6
 923 003a 13       		.uleb128 0x13
 924 003b 01       		.byte	0x1
 925 003c 0B       		.uleb128 0xb
 926 003d 0B       		.uleb128 0xb
 927 003e 3A       		.uleb128 0x3a
 928 003f 0B       		.uleb128 0xb
 929 0040 3B       		.uleb128 0x3b
 930 0041 0B       		.uleb128 0xb
 931 0042 01       		.uleb128 0x1
 932 0043 13       		.uleb128 0x13
 933 0044 00       		.byte	0
 934 0045 00       		.byte	0
 935 0046 07       		.uleb128 0x7
 936 0047 0D       		.uleb128 0xd
 937 0048 00       		.byte	0
 938 0049 03       		.uleb128 0x3
 939 004a 0E       		.uleb128 0xe
 940 004b 3A       		.uleb128 0x3a
 941 004c 0B       		.uleb128 0xb
 942 004d 3B       		.uleb128 0x3b
 943 004e 0B       		.uleb128 0xb
 944 004f 49       		.uleb128 0x49
 945 0050 13       		.uleb128 0x13
 946 0051 38       		.uleb128 0x38
 947 0052 0B       		.uleb128 0xb
 948 0053 00       		.byte	0
 949 0054 00       		.byte	0
 950 0055 08       		.uleb128 0x8
 951 0056 16       		.uleb128 0x16
 952 0057 00       		.byte	0
 953 0058 03       		.uleb128 0x3
 954 0059 0E       		.uleb128 0xe
 955 005a 3A       		.uleb128 0x3a
 956 005b 0B       		.uleb128 0xb
 957 005c 3B       		.uleb128 0x3b
 958 005d 0B       		.uleb128 0xb
 959 005e 49       		.uleb128 0x49
 960 005f 13       		.uleb128 0x13
 961 0060 00       		.byte	0
 962 0061 00       		.byte	0
 963 0062 09       		.uleb128 0x9
 964 0063 0F       		.uleb128 0xf
 965 0064 00       		.byte	0
 966 0065 0B       		.uleb128 0xb
 967 0066 0B       		.uleb128 0xb
 968 0067 49       		.uleb128 0x49
 969 0068 13       		.uleb128 0x13
ARM GAS  C:\Users\ILYNGK~1\AppData\Local\Temp\ccIMlVnw.s 			page 18


 970 0069 00       		.byte	0
 971 006a 00       		.byte	0
 972 006b 0A       		.uleb128 0xa
 973 006c 0D       		.uleb128 0xd
 974 006d 00       		.byte	0
 975 006e 03       		.uleb128 0x3
 976 006f 08       		.uleb128 0x8
 977 0070 3A       		.uleb128 0x3a
 978 0071 0B       		.uleb128 0xb
 979 0072 3B       		.uleb128 0x3b
 980 0073 0B       		.uleb128 0xb
 981 0074 49       		.uleb128 0x49
 982 0075 13       		.uleb128 0x13
 983 0076 38       		.uleb128 0x38
 984 0077 0B       		.uleb128 0xb
 985 0078 00       		.byte	0
 986 0079 00       		.byte	0
 987 007a 0B       		.uleb128 0xb
 988 007b 26       		.uleb128 0x26
 989 007c 00       		.byte	0
 990 007d 00       		.byte	0
 991 007e 00       		.byte	0
 992 007f 0C       		.uleb128 0xc
 993 0080 01       		.uleb128 0x1
 994 0081 01       		.byte	0x1
 995 0082 49       		.uleb128 0x49
 996 0083 13       		.uleb128 0x13
 997 0084 01       		.uleb128 0x1
 998 0085 13       		.uleb128 0x13
 999 0086 00       		.byte	0
 1000 0087 00       		.byte	0
 1001 0088 0D       		.uleb128 0xd
 1002 0089 21       		.uleb128 0x21
 1003 008a 00       		.byte	0
 1004 008b 49       		.uleb128 0x49
 1005 008c 13       		.uleb128 0x13
 1006 008d 2F       		.uleb128 0x2f
 1007 008e 0B       		.uleb128 0xb
 1008 008f 00       		.byte	0
 1009 0090 00       		.byte	0
 1010 0091 0E       		.uleb128 0xe
 1011 0092 34       		.uleb128 0x34
 1012 0093 00       		.byte	0
 1013 0094 03       		.uleb128 0x3
 1014 0095 0E       		.uleb128 0xe
 1015 0096 3A       		.uleb128 0x3a
 1016 0097 0B       		.uleb128 0xb
 1017 0098 3B       		.uleb128 0x3b
 1018 0099 0B       		.uleb128 0xb
 1019 009a 49       		.uleb128 0x49
 1020 009b 13       		.uleb128 0x13
 1021 009c 3F       		.uleb128 0x3f
 1022 009d 19       		.uleb128 0x19
 1023 009e 02       		.uleb128 0x2
 1024 009f 18       		.uleb128 0x18
 1025 00a0 00       		.byte	0
 1026 00a1 00       		.byte	0
ARM GAS  C:\Users\ILYNGK~1\AppData\Local\Temp\ccIMlVnw.s 			page 19


 1027 00a2 0F       		.uleb128 0xf
 1028 00a3 26       		.uleb128 0x26
 1029 00a4 00       		.byte	0
 1030 00a5 49       		.uleb128 0x49
 1031 00a6 13       		.uleb128 0x13
 1032 00a7 00       		.byte	0
 1033 00a8 00       		.byte	0
 1034 00a9 10       		.uleb128 0x10
 1035 00aa 34       		.uleb128 0x34
 1036 00ab 00       		.byte	0
 1037 00ac 03       		.uleb128 0x3
 1038 00ad 0E       		.uleb128 0xe
 1039 00ae 3A       		.uleb128 0x3a
 1040 00af 0B       		.uleb128 0xb
 1041 00b0 3B       		.uleb128 0x3b
 1042 00b1 05       		.uleb128 0x5
 1043 00b2 49       		.uleb128 0x49
 1044 00b3 13       		.uleb128 0x13
 1045 00b4 3F       		.uleb128 0x3f
 1046 00b5 19       		.uleb128 0x19
 1047 00b6 02       		.uleb128 0x2
 1048 00b7 18       		.uleb128 0x18
 1049 00b8 00       		.byte	0
 1050 00b9 00       		.byte	0
 1051 00ba 00       		.byte	0
 1052              		.section	.debug_aranges,"",%progbits
 1053 0000 14000000 		.4byte	0x14
 1054 0004 0200     		.2byte	0x2
 1055 0006 00000000 		.4byte	.Ldebug_info0
 1056 000a 04       		.byte	0x4
 1057 000b 00       		.byte	0
 1058 000c 0000     		.2byte	0
 1059 000e 0000     		.2byte	0
 1060 0010 00000000 		.4byte	0
 1061 0014 00000000 		.4byte	0
 1062              		.section	.debug_line,"",%progbits
 1063              	.Ldebug_line0:
 1064 0000 59000000 		.section	.debug_str,"MS",%progbits,1
 1064      02005300 
 1064      00000201 
 1064      FB0E0D00 
 1064      01010101 
 1065              	.LASF31:
 1066 0000 55534246 		.ascii	"USBFS_DEVICE0_DESCR\000"
 1066      535F4445 
 1066      56494345 
 1066      305F4445 
 1066      53435200 
 1067              	.LASF27:
 1068 0014 70537461 		.ascii	"pStatusBlock\000"
 1068      74757342 
 1068      6C6F636B 
 1068      00
 1069              	.LASF35:
 1070 0021 55534246 		.ascii	"USBFS_DEVICE0_CONFIGURATION0_INTERFACE_CLASS\000"
 1070      535F4445 
 1070      56494345 
ARM GAS  C:\Users\ILYNGK~1\AppData\Local\Temp\ccIMlVnw.s 			page 20


 1070      305F434F 
 1070      4E464947 
 1071              	.LASF44:
 1072 004e 55534246 		.ascii	"USBFS_DEVICE0_CONFIGURATION0_INTERFACE0_ALTERNATE0_"
 1072      535F4445 
 1072      56494345 
 1072      305F434F 
 1072      4E464947 
 1073 0081 4849445F 		.ascii	"HID_IN_RPT_TABLE\000"
 1073      494E5F52 
 1073      50545F54 
 1073      41424C45 
 1073      00
 1074              	.LASF38:
 1075 0092 55534246 		.ascii	"USBFS_TABLE\000"
 1075      535F5441 
 1075      424C4500 
 1076              	.LASF25:
 1077 009e 636F756E 		.ascii	"count\000"
 1077      7400
 1078              	.LASF33:
 1079 00a4 55534246 		.ascii	"USBFS_DEVICE0_CONFIGURATION0_INTERFACE0_TABLE\000"
 1079      535F4445 
 1079      56494345 
 1079      305F434F 
 1079      4E464947 
 1080              	.LASF3:
 1081 00d2 73686F72 		.ascii	"short unsigned int\000"
 1081      7420756E 
 1081      7369676E 
 1081      65642069 
 1081      6E7400
 1082              	.LASF39:
 1083 00e5 55534246 		.ascii	"USBFS_SN_STRING_DESCRIPTOR\000"
 1083      535F534E 
 1083      5F535452 
 1083      494E475F 
 1083      44455343 
 1084              	.LASF42:
 1085 0100 55534246 		.ascii	"USBFS_DEVICE0_CONFIGURATION0_INTERFACE0_ALTERNATE0_"
 1085      535F4445 
 1085      56494345 
 1085      305F434F 
 1085      4E464947 
 1086 0133 4849445F 		.ascii	"HID_IN_BUF\000"
 1086      494E5F42 
 1086      554600
 1087              	.LASF26:
 1088 013e 70446174 		.ascii	"pData\000"
 1088      6100
 1089              	.LASF28:
 1090 0144 545F5553 		.ascii	"T_USBFS_TD\000"
 1090      4246535F 
 1090      544400
 1091              	.LASF11:
 1092 014f 666C6F61 		.ascii	"float\000"
 1092      7400
ARM GAS  C:\Users\ILYNGK~1\AppData\Local\Temp\ccIMlVnw.s 			page 21


 1093              	.LASF16:
 1094 0155 616C7453 		.ascii	"altSetting\000"
 1094      65747469 
 1094      6E6700
 1095              	.LASF40:
 1096 0160 55534246 		.ascii	"USBFS_STRING_DESCRIPTORS\000"
 1096      535F5354 
 1096      52494E47 
 1096      5F444553 
 1096      43524950 
 1097              	.LASF18:
 1098 0179 61747472 		.ascii	"attributes\000"
 1098      69627574 
 1098      657300
 1099              	.LASF24:
 1100 0184 545F5553 		.ascii	"T_USBFS_XFER_STATUS_BLOCK\000"
 1100      4246535F 
 1100      58464552 
 1100      5F535441 
 1100      5455535F 
 1101              	.LASF36:
 1102 019e 55534246 		.ascii	"USBFS_DEVICE0_CONFIGURATION0_TABLE\000"
 1102      535F4445 
 1102      56494345 
 1102      305F434F 
 1102      4E464947 
 1103              	.LASF17:
 1104 01c1 61646472 		.ascii	"addr\000"
 1104      00
 1105              	.LASF37:
 1106 01c6 55534246 		.ascii	"USBFS_DEVICE0_TABLE\000"
 1106      535F4445 
 1106      56494345 
 1106      305F5441 
 1106      424C4500 
 1107              	.LASF50:
 1108 01da 5A3A5C55 		.ascii	"Z:\\Users\\iLyngklip\\Dropbox\\AAU\\4. Semester\\Di"
 1108      73657273 
 1108      5C694C79 
 1108      6E676B6C 
 1108      69705C44 
 1109 0207 67697461 		.ascii	"gital-Design\\USBFS_HID02\\USBFS_HID02.cydsn\000"
 1109      6C2D4465 
 1109      7369676E 
 1109      5C555342 
 1109      46535F48 
 1110              	.LASF1:
 1111 0232 756E7369 		.ascii	"unsigned char\000"
 1111      676E6564 
 1111      20636861 
 1111      7200
 1112              	.LASF45:
 1113 0240 55534246 		.ascii	"USBFS_DEVICE0_CONFIGURATION0_INTERFACE0_ALTERNATE0_"
 1113      535F4445 
 1113      56494345 
 1113      305F434F 
 1113      4E464947 
ARM GAS  C:\Users\ILYNGK~1\AppData\Local\Temp\ccIMlVnw.s 			page 22


 1114 0273 4849445F 		.ascii	"HID_TABLE\000"
 1114      5441424C 
 1114      4500
 1115              	.LASF48:
 1116 027d 474E5520 		.ascii	"GNU C 4.9.3 20150303 (release) [ARM/embedded-4_9-br"
 1116      4320342E 
 1116      392E3320 
 1116      32303135 
 1116      30333033 
 1117 02b0 616E6368 		.ascii	"anch revision 221220] -mcpu=cortex-m3 -mthumb -g -O"
 1117      20726576 
 1117      6973696F 
 1117      6E203232 
 1117      31323230 
 1118 02e3 30202D66 		.ascii	"0 -ffunction-sections -ffat-lto-objects\000"
 1118      66756E63 
 1118      74696F6E 
 1118      2D736563 
 1118      74696F6E 
 1119              	.LASF12:
 1120 030b 646F7562 		.ascii	"double\000"
 1120      6C6500
 1121              	.LASF10:
 1122 0312 75696E74 		.ascii	"uint16\000"
 1122      313600
 1123              	.LASF34:
 1124 0319 55534246 		.ascii	"USBFS_DEVICE0_CONFIGURATION0_EP_SETTINGS_TABLE\000"
 1124      535F4445 
 1124      56494345 
 1124      305F434F 
 1124      4E464947 
 1125              	.LASF32:
 1126 0348 55534246 		.ascii	"USBFS_DEVICE0_CONFIGURATION0_DESCR\000"
 1126      535F4445 
 1126      56494345 
 1126      305F434F 
 1126      4E464947 
 1127              	.LASF5:
 1128 036b 6C6F6E67 		.ascii	"long unsigned int\000"
 1128      20756E73 
 1128      69676E65 
 1128      6420696E 
 1128      7400
 1129              	.LASF8:
 1130 037d 756E7369 		.ascii	"unsigned int\000"
 1130      676E6564 
 1130      20696E74 
 1130      00
 1131              	.LASF7:
 1132 038a 6C6F6E67 		.ascii	"long long unsigned int\000"
 1132      206C6F6E 
 1132      6720756E 
 1132      7369676E 
 1132      65642069 
 1133              	.LASF49:
 1134 03a1 47656E65 		.ascii	"Generated_Source\\PSoC5\\USBFS_descr.c\000"
 1134      72617465 
ARM GAS  C:\Users\ILYNGK~1\AppData\Local\Temp\ccIMlVnw.s 			page 23


 1134      645F536F 
 1134      75726365 
 1134      5C50536F 
 1135              	.LASF29:
 1136 03c6 705F6C69 		.ascii	"p_list\000"
 1136      737400
 1137              	.LASF21:
 1138 03cd 545F5553 		.ascii	"T_USBFS_EP_SETTINGS_BLOCK\000"
 1138      4246535F 
 1138      45505F53 
 1138      45545449 
 1138      4E47535F 
 1139              	.LASF14:
 1140 03e7 73697A65 		.ascii	"sizetype\000"
 1140      74797065 
 1140      00
 1141              	.LASF6:
 1142 03f0 6C6F6E67 		.ascii	"long long int\000"
 1142      206C6F6E 
 1142      6720696E 
 1142      7400
 1143              	.LASF30:
 1144 03fe 545F5553 		.ascii	"T_USBFS_LUT\000"
 1144      4246535F 
 1144      4C555400 
 1145              	.LASF13:
 1146 040a 63686172 		.ascii	"char\000"
 1146      00
 1147              	.LASF46:
 1148 040f 55534246 		.ascii	"USBFS_MSOS_DESCRIPTOR\000"
 1148      535F4D53 
 1148      4F535F44 
 1148      45534352 
 1148      4950544F 
 1149              	.LASF19:
 1150 0425 62756666 		.ascii	"bufferSize\000"
 1150      65725369 
 1150      7A6500
 1151              	.LASF2:
 1152 0430 73686F72 		.ascii	"short int\000"
 1152      7420696E 
 1152      7400
 1153              	.LASF43:
 1154 043a 55534246 		.ascii	"USBFS_HIDREPORT_DESCRIPTOR1\000"
 1154      535F4849 
 1154      44524550 
 1154      4F52545F 
 1154      44455343 
 1155              	.LASF47:
 1156 0456 55534246 		.ascii	"USBFS_MSOS_CONFIGURATION_DESCR\000"
 1156      535F4D53 
 1156      4F535F43 
 1156      4F4E4649 
 1156      47555241 
 1157              	.LASF9:
 1158 0475 75696E74 		.ascii	"uint8\000"
 1158      3800
ARM GAS  C:\Users\ILYNGK~1\AppData\Local\Temp\ccIMlVnw.s 			page 24


 1159              	.LASF15:
 1160 047b 696E7465 		.ascii	"interface\000"
 1160      72666163 
 1160      6500
 1161              	.LASF4:
 1162 0485 6C6F6E67 		.ascii	"long int\000"
 1162      20696E74 
 1162      00
 1163              	.LASF22:
 1164 048e 73746174 		.ascii	"status\000"
 1164      757300
 1165              	.LASF0:
 1166 0495 7369676E 		.ascii	"signed char\000"
 1166      65642063 
 1166      68617200 
 1167              	.LASF41:
 1168 04a1 55534246 		.ascii	"USBFS_DEVICE0_CONFIGURATION0_INTERFACE0_ALTERNATE0_"
 1168      535F4445 
 1168      56494345 
 1168      305F434F 
 1168      4E464947 
 1169 04d4 4849445F 		.ascii	"HID_IN_RPT_SCB\000"
 1169      494E5F52 
 1169      50545F53 
 1169      434200
 1170              	.LASF23:
 1171 04e3 6C656E67 		.ascii	"length\000"
 1171      746800
 1172              	.LASF20:
 1173 04ea 624D6973 		.ascii	"bMisc\000"
 1173      6300
 1174              		.ident	"GCC: (GNU Tools for ARM Embedded Processors) 4.9.3 20150303 (release) [ARM/embedded-4_9-br
